[ERROR] 2023-06-12 22:07:37,535 [repositories/LDAC | c.o.t.s.OwlimClusterWorkerRepository] No software license was set. License can be set in one of the following ways (in order of preference): 
- System or config property 'graphdb.license.file'
- File 'graphdb.license' in config directory (/opt/graphdb/home/conf)
- Set through Workbench or API
Please refer to the documentation for more information on how to set the license.
[ERROR] 2023-06-12 22:07:37,543 [repositories/LDAC | c.o.f.s.GraphDBProtocolExceptionResolver] Error while handling request (500)
org.eclipse.rdf4j.http.server.ServerHTTPException: org.eclipse.rdf4j.repository.RepositoryException: org.eclipse.rdf4j.sail.SailException: No software license set.
	at org.eclipse.rdf4j.http.server.repository.RepositoryInterceptor.setRequestAttributes(RepositoryInterceptor.java:113)
	at org.eclipse.rdf4j.http.server.ServerInterceptor.preHandle(ServerInterceptor.java:32)
	at org.eclipse.rdf4j.http.server.repository.RepositoryInterceptor.preHandle(RepositoryInterceptor.java:82)
	at com.ontotext.forest.sesame.ForestRepositoryInterceptor.preHandle(ForestRepositoryInterceptor.java:32)
	at com.ontotext.forest.sesame.ForestRepositoryInterceptor$$FastClassBySpringCGLIB$$d99bcd9f.invoke(<generated>)
	at org.springframework.cglib.proxy.MethodProxy.invoke(MethodProxy.java:218)
	at org.springframework.aop.framework.CglibAopProxy$CglibMethodInvocation.invokeJoinpoint(CglibAopProxy.java:771)
	at org.springframework.aop.framework.ReflectiveMethodInvocation.proceed(ReflectiveMethodInvocation.java:163)
	at org.springframework.aop.framework.CglibAopProxy$CglibMethodInvocation.proceed(CglibAopProxy.java:749)
	at org.springframework.aop.support.DelegatingIntroductionInterceptor.doProceed(DelegatingIntroductionInterceptor.java:136)
	at org.springframework.aop.support.DelegatingIntroductionInterceptor.invoke(DelegatingIntroductionInterceptor.java:124)
	at org.springframework.aop.framework.ReflectiveMethodInvocation.proceed(ReflectiveMethodInvocation.java:186)
	at org.springframework.aop.framework.CglibAopProxy$CglibMethodInvocation.proceed(CglibAopProxy.java:749)
	at org.springframework.aop.framework.CglibAopProxy$DynamicAdvisedInterceptor.intercept(CglibAopProxy.java:691)
	at com.ontotext.forest.sesame.ForestRepositoryInterceptor$$EnhancerBySpringCGLIB$$70c605aa.preHandle(<generated>)
	at org.springframework.web.servlet.HandlerExecutionChain.applyPreHandle(HandlerExecutionChain.java:151)
	at org.springframework.web.servlet.DispatcherServlet.doDispatch(DispatcherServlet.java:1035)
	at org.springframework.web.servlet.DispatcherServlet.doService(DispatcherServlet.java:943)
	at org.springframework.web.servlet.FrameworkServlet.processRequest(FrameworkServlet.java:1006)
	at org.springframework.web.servlet.FrameworkServlet.doGet(FrameworkServlet.java:898)
	at javax.servlet.http.HttpServlet.service(HttpServlet.java:626)
	at org.springframework.web.servlet.FrameworkServlet.service(FrameworkServlet.java:883)
	at javax.servlet.http.HttpServlet.service(HttpServlet.java:733)
	at org.apache.catalina.core.ApplicationFilterChain.internalDoFilter(ApplicationFilterChain.java:227)
	at org.apache.catalina.core.ApplicationFilterChain.doFilter(ApplicationFilterChain.java:162)
	at com.ontotext.forest.core.request.RequestFilter.doFilterInternal(RequestFilter.java:45)
	at org.springframework.web.filter.OncePerRequestFilter.doFilter(OncePerRequestFilter.java:119)
	at org.apache.catalina.core.ApplicationFilterChain.internalDoFilter(ApplicationFilterChain.java:189)
	at org.apache.catalina.core.ApplicationFilterChain.doFilter(ApplicationFilterChain.java:162)
	at org.springframework.web.filter.CharacterEncodingFilter.doFilterInternal(CharacterEncodingFilter.java:201)
	at org.springframework.web.filter.OncePerRequestFilter.doFilter(OncePerRequestFilter.java:119)
	at org.apache.catalina.core.ApplicationFilterChain.internalDoFilter(ApplicationFilterChain.java:189)
	at org.apache.catalina.core.ApplicationFilterChain.doFilter(ApplicationFilterChain.java:162)
	at com.github.ziplet.filter.compression.CompressingFilter.doFilter(CompressingFilter.java:263)
	at org.apache.catalina.core.ApplicationFilterChain.internalDoFilter(ApplicationFilterChain.java:189)
	at org.apache.catalina.core.ApplicationFilterChain.doFilter(ApplicationFilterChain.java:162)
	at com.ontotext.forest.security.AdminDelegatingFilterProxy.doFilter(AdminDelegatingFilterProxy.java:84)
	at org.springframework.web.filter.DelegatingFilterProxy.invokeDelegate(DelegatingFilterProxy.java:358)
	at org.springframework.web.filter.DelegatingFilterProxy.doFilter(DelegatingFilterProxy.java:271)
	at org.apache.catalina.core.ApplicationFilterChain.internalDoFilter(ApplicationFilterChain.java:189)
	at org.apache.catalina.core.ApplicationFilterChain.doFilter(ApplicationFilterChain.java:162)
	at org.apache.catalina.core.StandardWrapperValve.invoke(StandardWrapperValve.java:202)
	at org.apache.catalina.core.StandardContextValve.invoke(StandardContextValve.java:97)
	at org.apache.catalina.authenticator.AuthenticatorBase.invoke(AuthenticatorBase.java:542)
	at org.apache.catalina.core.StandardHostValve.invoke(StandardHostValve.java:143)
	at org.apache.catalina.valves.ErrorReportValve.invoke(ErrorReportValve.java:92)
	at org.apache.catalina.core.StandardEngineValve.invoke(StandardEngineValve.java:78)
	at org.apache.catalina.connector.CoyoteAdapter.service(CoyoteAdapter.java:346)
	at org.apache.coyote.http11.Http11Processor.service(Http11Processor.java:374)
	at org.apache.coyote.AbstractProcessorLight.process(AbstractProcessorLight.java:65)
	at org.apache.coyote.AbstractProtocol$ConnectionHandler.process(AbstractProtocol.java:887)
	at org.apache.tomcat.util.net.NioEndpoint$SocketProcessor.doRun(NioEndpoint.java:1684)
	at org.apache.tomcat.util.net.SocketProcessorBase.run(SocketProcessorBase.java:49)
	at java.base/java.util.concurrent.ThreadPoolExecutor.runWorker(ThreadPoolExecutor.java:1128)
	at java.base/java.util.concurrent.ThreadPoolExecutor$Worker.run(ThreadPoolExecutor.java:628)
	at org.apache.tomcat.util.threads.TaskThread$WrappingRunnable.run(TaskThread.java:61)
	at java.base/java.lang.Thread.run(Thread.java:834)
Caused by: org.eclipse.rdf4j.repository.RepositoryException: org.eclipse.rdf4j.sail.SailException: No software license set.
	at org.eclipse.rdf4j.repository.sail.SailRepository.initializeInternal(SailRepository.java:153)
	at org.eclipse.rdf4j.repository.base.AbstractRepository.init(AbstractRepository.java:39)
	at org.eclipse.rdf4j.repository.base.AbstractRepository.initialize(AbstractRepository.java:31)
	at org.eclipse.rdf4j.repository.base.RepositoryWrapper.initialize(RepositoryWrapper.java:64)
	at com.ontotext.trree.replicationcluster.ReplicationClusterWorker.access$301(ReplicationClusterWorker.java:57)
	at com.ontotext.trree.replicationcluster.ReplicationClusterWorker$2.call(ReplicationClusterWorker.java:880)
	at com.ontotext.trree.replicationcluster.ReplicationClusterWorker$2.call(ReplicationClusterWorker.java:876)
	at java.base/java.util.concurrent.FutureTask.run(FutureTask.java:264)
	at com.ontotext.trree.replicationcluster.ReplicationClusterWorker.initialize(ReplicationClusterWorker.java:89)
	at org.eclipse.rdf4j.repository.Repository.init(Repository.java:61)
	at org.eclipse.rdf4j.repository.manager.LocalRepositoryManager.createRepository(LocalRepositoryManager.java:258)
	at com.ontotext.graphdb.GraphDBRepositoryManager.createRepository(GraphDBRepositoryManager.java:380)
	at com.ontotext.graphdb.GraphDBRepositoryManager$FutureRepository.lambda$new$0(GraphDBRepositoryManager.java:75)
	at java.base/java.util.concurrent.FutureTask.run(FutureTask.java:264)
	at com.ontotext.graphdb.GraphDBRepositoryManager.awaitFutureRepository(GraphDBRepositoryManager.java:795)
	at com.ontotext.graphdb.GraphDBRepositoryManager.getRepository(GraphDBRepositoryManager.java:372)
	at org.eclipse.rdf4j.http.server.repository.RepositoryInterceptor.setRequestAttributes(RepositoryInterceptor.java:105)
	... 56 common frames omitted
Caused by: org.eclipse.rdf4j.sail.SailException: org.eclipse.rdf4j.sail.SailException: No software license set.
	at com.ontotext.trree.OwlimSchemaRepository.initializeInternal(OwlimSchemaRepository.java:321)
	at org.eclipse.rdf4j.sail.helpers.AbstractSail.init(AbstractSail.java:190)
	at org.eclipse.rdf4j.repository.sail.SailRepository.initializeInternal(SailRepository.java:146)
	... 72 common frames omitted
Caused by: org.eclipse.rdf4j.sail.SailException: No software license set.
	at com.ontotext.trree.OwlimSchemaRepository.verifySoftwareLicense(OwlimSchemaRepository.java:1625)
	at com.ontotext.trree.OwlimSchemaRepository.initializeInternal(OwlimSchemaRepository.java:182)
	... 74 common frames omitted
[ERROR] 2023-06-12 22:07:38,418 [repositories/LDAC | c.o.t.s.OwlimClusterWorkerRepository] No software license was set. License can be set in one of the following ways (in order of preference): 
- System or config property 'graphdb.license.file'
- File 'graphdb.license' in config directory (/opt/graphdb/home/conf)
- Set through Workbench or API
Please refer to the documentation for more information on how to set the license.
[ERROR] 2023-06-12 22:07:38,424 [repositories/LDAC | c.o.f.s.GraphDBProtocolExceptionResolver] Error while handling request (500)
org.eclipse.rdf4j.http.server.ServerHTTPException: org.eclipse.rdf4j.repository.RepositoryException: org.eclipse.rdf4j.sail.SailException: No software license set.
	at org.eclipse.rdf4j.http.server.repository.RepositoryInterceptor.setRequestAttributes(RepositoryInterceptor.java:113)
	at org.eclipse.rdf4j.http.server.ServerInterceptor.preHandle(ServerInterceptor.java:32)
	at org.eclipse.rdf4j.http.server.repository.RepositoryInterceptor.preHandle(RepositoryInterceptor.java:82)
	at com.ontotext.forest.sesame.ForestRepositoryInterceptor.preHandle(ForestRepositoryInterceptor.java:32)
	at com.ontotext.forest.sesame.ForestRepositoryInterceptor$$FastClassBySpringCGLIB$$d99bcd9f.invoke(<generated>)
	at org.springframework.cglib.proxy.MethodProxy.invoke(MethodProxy.java:218)
	at org.springframework.aop.framework.CglibAopProxy$CglibMethodInvocation.invokeJoinpoint(CglibAopProxy.java:771)
	at org.springframework.aop.framework.ReflectiveMethodInvocation.proceed(ReflectiveMethodInvocation.java:163)
	at org.springframework.aop.framework.CglibAopProxy$CglibMethodInvocation.proceed(CglibAopProxy.java:749)
	at org.springframework.aop.support.DelegatingIntroductionInterceptor.doProceed(DelegatingIntroductionInterceptor.java:136)
	at org.springframework.aop.support.DelegatingIntroductionInterceptor.invoke(DelegatingIntroductionInterceptor.java:124)
	at org.springframework.aop.framework.ReflectiveMethodInvocation.proceed(ReflectiveMethodInvocation.java:186)
	at org.springframework.aop.framework.CglibAopProxy$CglibMethodInvocation.proceed(CglibAopProxy.java:749)
	at org.springframework.aop.framework.CglibAopProxy$DynamicAdvisedInterceptor.intercept(CglibAopProxy.java:691)
	at com.ontotext.forest.sesame.ForestRepositoryInterceptor$$EnhancerBySpringCGLIB$$70c605aa.preHandle(<generated>)
	at org.springframework.web.servlet.HandlerExecutionChain.applyPreHandle(HandlerExecutionChain.java:151)
	at org.springframework.web.servlet.DispatcherServlet.doDispatch(DispatcherServlet.java:1035)
	at org.springframework.web.servlet.DispatcherServlet.doService(DispatcherServlet.java:943)
	at org.springframework.web.servlet.FrameworkServlet.processRequest(FrameworkServlet.java:1006)
	at org.springframework.web.servlet.FrameworkServlet.doGet(FrameworkServlet.java:898)
	at javax.servlet.http.HttpServlet.service(HttpServlet.java:626)
	at org.springframework.web.servlet.FrameworkServlet.service(FrameworkServlet.java:883)
	at javax.servlet.http.HttpServlet.service(HttpServlet.java:733)
	at org.apache.catalina.core.ApplicationFilterChain.internalDoFilter(ApplicationFilterChain.java:227)
	at org.apache.catalina.core.ApplicationFilterChain.doFilter(ApplicationFilterChain.java:162)
	at com.ontotext.forest.core.request.RequestFilter.doFilterInternal(RequestFilter.java:45)
	at org.springframework.web.filter.OncePerRequestFilter.doFilter(OncePerRequestFilter.java:119)
	at org.apache.catalina.core.ApplicationFilterChain.internalDoFilter(ApplicationFilterChain.java:189)
	at org.apache.catalina.core.ApplicationFilterChain.doFilter(ApplicationFilterChain.java:162)
	at org.springframework.web.filter.CharacterEncodingFilter.doFilterInternal(CharacterEncodingFilter.java:201)
	at org.springframework.web.filter.OncePerRequestFilter.doFilter(OncePerRequestFilter.java:119)
	at org.apache.catalina.core.ApplicationFilterChain.internalDoFilter(ApplicationFilterChain.java:189)
	at org.apache.catalina.core.ApplicationFilterChain.doFilter(ApplicationFilterChain.java:162)
	at com.github.ziplet.filter.compression.CompressingFilter.doFilter(CompressingFilter.java:263)
	at org.apache.catalina.core.ApplicationFilterChain.internalDoFilter(ApplicationFilterChain.java:189)
	at org.apache.catalina.core.ApplicationFilterChain.doFilter(ApplicationFilterChain.java:162)
	at com.ontotext.forest.security.AdminDelegatingFilterProxy.doFilter(AdminDelegatingFilterProxy.java:84)
	at org.springframework.web.filter.DelegatingFilterProxy.invokeDelegate(DelegatingFilterProxy.java:358)
	at org.springframework.web.filter.DelegatingFilterProxy.doFilter(DelegatingFilterProxy.java:271)
	at org.apache.catalina.core.ApplicationFilterChain.internalDoFilter(ApplicationFilterChain.java:189)
	at org.apache.catalina.core.ApplicationFilterChain.doFilter(ApplicationFilterChain.java:162)
	at org.apache.catalina.core.StandardWrapperValve.invoke(StandardWrapperValve.java:202)
	at org.apache.catalina.core.StandardContextValve.invoke(StandardContextValve.java:97)
	at org.apache.catalina.authenticator.AuthenticatorBase.invoke(AuthenticatorBase.java:542)
	at org.apache.catalina.core.StandardHostValve.invoke(StandardHostValve.java:143)
	at org.apache.catalina.valves.ErrorReportValve.invoke(ErrorReportValve.java:92)
	at org.apache.catalina.core.StandardEngineValve.invoke(StandardEngineValve.java:78)
	at org.apache.catalina.connector.CoyoteAdapter.service(CoyoteAdapter.java:346)
	at org.apache.coyote.http11.Http11Processor.service(Http11Processor.java:374)
	at org.apache.coyote.AbstractProcessorLight.process(AbstractProcessorLight.java:65)
	at org.apache.coyote.AbstractProtocol$ConnectionHandler.process(AbstractProtocol.java:887)
	at org.apache.tomcat.util.net.NioEndpoint$SocketProcessor.doRun(NioEndpoint.java:1684)
	at org.apache.tomcat.util.net.SocketProcessorBase.run(SocketProcessorBase.java:49)
	at java.base/java.util.concurrent.ThreadPoolExecutor.runWorker(ThreadPoolExecutor.java:1128)
	at java.base/java.util.concurrent.ThreadPoolExecutor$Worker.run(ThreadPoolExecutor.java:628)
	at org.apache.tomcat.util.threads.TaskThread$WrappingRunnable.run(TaskThread.java:61)
	at java.base/java.lang.Thread.run(Thread.java:834)
Caused by: org.eclipse.rdf4j.repository.RepositoryException: org.eclipse.rdf4j.sail.SailException: No software license set.
	at org.eclipse.rdf4j.repository.sail.SailRepository.initializeInternal(SailRepository.java:153)
	at org.eclipse.rdf4j.repository.base.AbstractRepository.init(AbstractRepository.java:39)
	at org.eclipse.rdf4j.repository.base.AbstractRepository.initialize(AbstractRepository.java:31)
	at org.eclipse.rdf4j.repository.base.RepositoryWrapper.initialize(RepositoryWrapper.java:64)
	at com.ontotext.trree.replicationcluster.ReplicationClusterWorker.access$301(ReplicationClusterWorker.java:57)
	at com.ontotext.trree.replicationcluster.ReplicationClusterWorker$2.call(ReplicationClusterWorker.java:880)
	at com.ontotext.trree.replicationcluster.ReplicationClusterWorker$2.call(ReplicationClusterWorker.java:876)
	at java.base/java.util.concurrent.FutureTask.run(FutureTask.java:264)
	at com.ontotext.trree.replicationcluster.ReplicationClusterWorker.initialize(ReplicationClusterWorker.java:89)
	at org.eclipse.rdf4j.repository.Repository.init(Repository.java:61)
	at org.eclipse.rdf4j.repository.manager.LocalRepositoryManager.createRepository(LocalRepositoryManager.java:258)
	at com.ontotext.graphdb.GraphDBRepositoryManager.createRepository(GraphDBRepositoryManager.java:380)
	at com.ontotext.graphdb.GraphDBRepositoryManager$FutureRepository.lambda$new$0(GraphDBRepositoryManager.java:75)
	at java.base/java.util.concurrent.FutureTask.run(FutureTask.java:264)
	at com.ontotext.graphdb.GraphDBRepositoryManager.awaitFutureRepository(GraphDBRepositoryManager.java:795)
	at com.ontotext.graphdb.GraphDBRepositoryManager.getRepository(GraphDBRepositoryManager.java:372)
	at org.eclipse.rdf4j.http.server.repository.RepositoryInterceptor.setRequestAttributes(RepositoryInterceptor.java:105)
	... 56 common frames omitted
Caused by: org.eclipse.rdf4j.sail.SailException: org.eclipse.rdf4j.sail.SailException: No software license set.
	at com.ontotext.trree.OwlimSchemaRepository.initializeInternal(OwlimSchemaRepository.java:321)
	at org.eclipse.rdf4j.sail.helpers.AbstractSail.init(AbstractSail.java:190)
	at org.eclipse.rdf4j.repository.sail.SailRepository.initializeInternal(SailRepository.java:146)
	... 72 common frames omitted
Caused by: org.eclipse.rdf4j.sail.SailException: No software license set.
	at com.ontotext.trree.OwlimSchemaRepository.verifySoftwareLicense(OwlimSchemaRepository.java:1625)
	at com.ontotext.trree.OwlimSchemaRepository.initializeInternal(OwlimSchemaRepository.java:182)
	... 74 common frames omitted
[ERROR] 2023-06-12 22:07:39,275 [http-nio-7200-exec-9 | c.o.t.s.OwlimClusterWorkerRepository] No software license was set. License can be set in one of the following ways (in order of preference): 
- System or config property 'graphdb.license.file'
- File 'graphdb.license' in config directory (/opt/graphdb/home/conf)
- Set through Workbench or API
Please refer to the documentation for more information on how to set the license.
[ERROR] 2023-06-12 22:07:43,278 [http-nio-7200-exec-2 | c.o.t.s.OwlimClusterWorkerRepository] No software license was set. License can be set in one of the following ways (in order of preference): 
- System or config property 'graphdb.license.file'
- File 'graphdb.license' in config directory (/opt/graphdb/home/conf)
- Set through Workbench or API
Please refer to the documentation for more information on how to set the license.
[ERROR] 2023-06-12 22:07:43,394 [repositories/LDAC | c.o.t.s.OwlimClusterWorkerRepository] No software license was set. License can be set in one of the following ways (in order of preference): 
- System or config property 'graphdb.license.file'
- File 'graphdb.license' in config directory (/opt/graphdb/home/conf)
- Set through Workbench or API
Please refer to the documentation for more information on how to set the license.
[ERROR] 2023-06-12 22:07:43,396 [repositories/LDAC | c.o.f.s.GraphDBProtocolExceptionResolver] Error while handling request (500)
org.eclipse.rdf4j.http.server.ServerHTTPException: org.eclipse.rdf4j.repository.RepositoryException: org.eclipse.rdf4j.sail.SailException: No software license set.
	at org.eclipse.rdf4j.http.server.repository.RepositoryInterceptor.setRequestAttributes(RepositoryInterceptor.java:113)
	at org.eclipse.rdf4j.http.server.ServerInterceptor.preHandle(ServerInterceptor.java:32)
	at org.eclipse.rdf4j.http.server.repository.RepositoryInterceptor.preHandle(RepositoryInterceptor.java:82)
	at com.ontotext.forest.sesame.ForestRepositoryInterceptor.preHandle(ForestRepositoryInterceptor.java:32)
	at com.ontotext.forest.sesame.ForestRepositoryInterceptor$$FastClassBySpringCGLIB$$d99bcd9f.invoke(<generated>)
	at org.springframework.cglib.proxy.MethodProxy.invoke(MethodProxy.java:218)
	at org.springframework.aop.framework.CglibAopProxy$CglibMethodInvocation.invokeJoinpoint(CglibAopProxy.java:771)
	at org.springframework.aop.framework.ReflectiveMethodInvocation.proceed(ReflectiveMethodInvocation.java:163)
	at org.springframework.aop.framework.CglibAopProxy$CglibMethodInvocation.proceed(CglibAopProxy.java:749)
	at org.springframework.aop.support.DelegatingIntroductionInterceptor.doProceed(DelegatingIntroductionInterceptor.java:136)
	at org.springframework.aop.support.DelegatingIntroductionInterceptor.invoke(DelegatingIntroductionInterceptor.java:124)
	at org.springframework.aop.framework.ReflectiveMethodInvocation.proceed(ReflectiveMethodInvocation.java:186)
	at org.springframework.aop.framework.CglibAopProxy$CglibMethodInvocation.proceed(CglibAopProxy.java:749)
	at org.springframework.aop.framework.CglibAopProxy$DynamicAdvisedInterceptor.intercept(CglibAopProxy.java:691)
	at com.ontotext.forest.sesame.ForestRepositoryInterceptor$$EnhancerBySpringCGLIB$$70c605aa.preHandle(<generated>)
	at org.springframework.web.servlet.HandlerExecutionChain.applyPreHandle(HandlerExecutionChain.java:151)
	at org.springframework.web.servlet.DispatcherServlet.doDispatch(DispatcherServlet.java:1035)
	at org.springframework.web.servlet.DispatcherServlet.doService(DispatcherServlet.java:943)
	at org.springframework.web.servlet.FrameworkServlet.processRequest(FrameworkServlet.java:1006)
	at org.springframework.web.servlet.FrameworkServlet.doGet(FrameworkServlet.java:898)
	at javax.servlet.http.HttpServlet.service(HttpServlet.java:626)
	at org.springframework.web.servlet.FrameworkServlet.service(FrameworkServlet.java:883)
	at javax.servlet.http.HttpServlet.service(HttpServlet.java:733)
	at org.apache.catalina.core.ApplicationFilterChain.internalDoFilter(ApplicationFilterChain.java:227)
	at org.apache.catalina.core.ApplicationFilterChain.doFilter(ApplicationFilterChain.java:162)
	at com.ontotext.forest.core.request.RequestFilter.doFilterInternal(RequestFilter.java:45)
	at org.springframework.web.filter.OncePerRequestFilter.doFilter(OncePerRequestFilter.java:119)
	at org.apache.catalina.core.ApplicationFilterChain.internalDoFilter(ApplicationFilterChain.java:189)
	at org.apache.catalina.core.ApplicationFilterChain.doFilter(ApplicationFilterChain.java:162)
	at org.springframework.web.filter.CharacterEncodingFilter.doFilterInternal(CharacterEncodingFilter.java:201)
	at org.springframework.web.filter.OncePerRequestFilter.doFilter(OncePerRequestFilter.java:119)
	at org.apache.catalina.core.ApplicationFilterChain.internalDoFilter(ApplicationFilterChain.java:189)
	at org.apache.catalina.core.ApplicationFilterChain.doFilter(ApplicationFilterChain.java:162)
	at com.github.ziplet.filter.compression.CompressingFilter.doFilter(CompressingFilter.java:263)
	at org.apache.catalina.core.ApplicationFilterChain.internalDoFilter(ApplicationFilterChain.java:189)
	at org.apache.catalina.core.ApplicationFilterChain.doFilter(ApplicationFilterChain.java:162)
	at com.ontotext.forest.security.AdminDelegatingFilterProxy.doFilter(AdminDelegatingFilterProxy.java:84)
	at org.springframework.web.filter.DelegatingFilterProxy.invokeDelegate(DelegatingFilterProxy.java:358)
	at org.springframework.web.filter.DelegatingFilterProxy.doFilter(DelegatingFilterProxy.java:271)
	at org.apache.catalina.core.ApplicationFilterChain.internalDoFilter(ApplicationFilterChain.java:189)
	at org.apache.catalina.core.ApplicationFilterChain.doFilter(ApplicationFilterChain.java:162)
	at org.apache.catalina.core.StandardWrapperValve.invoke(StandardWrapperValve.java:202)
	at org.apache.catalina.core.StandardContextValve.invoke(StandardContextValve.java:97)
	at org.apache.catalina.authenticator.AuthenticatorBase.invoke(AuthenticatorBase.java:542)
	at org.apache.catalina.core.StandardHostValve.invoke(StandardHostValve.java:143)
	at org.apache.catalina.valves.ErrorReportValve.invoke(ErrorReportValve.java:92)
	at org.apache.catalina.core.StandardEngineValve.invoke(StandardEngineValve.java:78)
	at org.apache.catalina.connector.CoyoteAdapter.service(CoyoteAdapter.java:346)
	at org.apache.coyote.http11.Http11Processor.service(Http11Processor.java:374)
	at org.apache.coyote.AbstractProcessorLight.process(AbstractProcessorLight.java:65)
	at org.apache.coyote.AbstractProtocol$ConnectionHandler.process(AbstractProtocol.java:887)
	at org.apache.tomcat.util.net.NioEndpoint$SocketProcessor.doRun(NioEndpoint.java:1684)
	at org.apache.tomcat.util.net.SocketProcessorBase.run(SocketProcessorBase.java:49)
	at java.base/java.util.concurrent.ThreadPoolExecutor.runWorker(ThreadPoolExecutor.java:1128)
	at java.base/java.util.concurrent.ThreadPoolExecutor$Worker.run(ThreadPoolExecutor.java:628)
	at org.apache.tomcat.util.threads.TaskThread$WrappingRunnable.run(TaskThread.java:61)
	at java.base/java.lang.Thread.run(Thread.java:834)
Caused by: org.eclipse.rdf4j.repository.RepositoryException: org.eclipse.rdf4j.sail.SailException: No software license set.
	at org.eclipse.rdf4j.repository.sail.SailRepository.initializeInternal(SailRepository.java:153)
	at org.eclipse.rdf4j.repository.base.AbstractRepository.init(AbstractRepository.java:39)
	at org.eclipse.rdf4j.repository.base.AbstractRepository.initialize(AbstractRepository.java:31)
	at org.eclipse.rdf4j.repository.base.RepositoryWrapper.initialize(RepositoryWrapper.java:64)
	at com.ontotext.trree.replicationcluster.ReplicationClusterWorker.access$301(ReplicationClusterWorker.java:57)
	at com.ontotext.trree.replicationcluster.ReplicationClusterWorker$2.call(ReplicationClusterWorker.java:880)
	at com.ontotext.trree.replicationcluster.ReplicationClusterWorker$2.call(ReplicationClusterWorker.java:876)
	at java.base/java.util.concurrent.FutureTask.run(FutureTask.java:264)
	at com.ontotext.trree.replicationcluster.ReplicationClusterWorker.initialize(ReplicationClusterWorker.java:89)
	at org.eclipse.rdf4j.repository.Repository.init(Repository.java:61)
	at org.eclipse.rdf4j.repository.manager.LocalRepositoryManager.createRepository(LocalRepositoryManager.java:258)
	at com.ontotext.graphdb.GraphDBRepositoryManager.createRepository(GraphDBRepositoryManager.java:380)
	at com.ontotext.graphdb.GraphDBRepositoryManager$FutureRepository.lambda$new$0(GraphDBRepositoryManager.java:75)
	at java.base/java.util.concurrent.FutureTask.run(FutureTask.java:264)
	at com.ontotext.graphdb.GraphDBRepositoryManager.awaitFutureRepository(GraphDBRepositoryManager.java:795)
	at com.ontotext.graphdb.GraphDBRepositoryManager.getRepository(GraphDBRepositoryManager.java:372)
	at org.eclipse.rdf4j.http.server.repository.RepositoryInterceptor.setRequestAttributes(RepositoryInterceptor.java:105)
	... 56 common frames omitted
Caused by: org.eclipse.rdf4j.sail.SailException: org.eclipse.rdf4j.sail.SailException: No software license set.
	at com.ontotext.trree.OwlimSchemaRepository.initializeInternal(OwlimSchemaRepository.java:321)
	at org.eclipse.rdf4j.sail.helpers.AbstractSail.init(AbstractSail.java:190)
	at org.eclipse.rdf4j.repository.sail.SailRepository.initializeInternal(SailRepository.java:146)
	... 72 common frames omitted
Caused by: org.eclipse.rdf4j.sail.SailException: No software license set.
	at com.ontotext.trree.OwlimSchemaRepository.verifySoftwareLicense(OwlimSchemaRepository.java:1625)
	at com.ontotext.trree.OwlimSchemaRepository.initializeInternal(OwlimSchemaRepository.java:182)
	... 74 common frames omitted
[ERROR] 2023-06-12 22:07:47,267 [repositories/LDAC | c.o.t.s.OwlimClusterWorkerRepository] No software license was set. License can be set in one of the following ways (in order of preference): 
- System or config property 'graphdb.license.file'
- File 'graphdb.license' in config directory (/opt/graphdb/home/conf)
- Set through Workbench or API
Please refer to the documentation for more information on how to set the license.
[ERROR] 2023-06-12 22:07:53,270 [http-nio-7200-exec-3 | c.o.t.s.OwlimClusterWorkerRepository] No software license was set. License can be set in one of the following ways (in order of preference): 
- System or config property 'graphdb.license.file'
- File 'graphdb.license' in config directory (/opt/graphdb/home/conf)
- Set through Workbench or API
Please refer to the documentation for more information on how to set the license.
[ERROR] 2023-06-12 22:07:54,750 [repositories/LDAC | c.o.t.s.OwlimClusterWorkerRepository] No software license was set. License can be set in one of the following ways (in order of preference): 
- System or config property 'graphdb.license.file'
- File 'graphdb.license' in config directory (/opt/graphdb/home/conf)
- Set through Workbench or API
Please refer to the documentation for more information on how to set the license.
[ERROR] 2023-06-12 22:07:54,752 [repositories/LDAC | c.o.f.s.GraphDBProtocolExceptionResolver] Error while handling request (500)
org.eclipse.rdf4j.http.server.ServerHTTPException: org.eclipse.rdf4j.repository.RepositoryException: org.eclipse.rdf4j.sail.SailException: No software license set.
	at org.eclipse.rdf4j.http.server.repository.RepositoryInterceptor.setRequestAttributes(RepositoryInterceptor.java:113)
	at org.eclipse.rdf4j.http.server.ServerInterceptor.preHandle(ServerInterceptor.java:32)
	at org.eclipse.rdf4j.http.server.repository.RepositoryInterceptor.preHandle(RepositoryInterceptor.java:82)
	at com.ontotext.forest.sesame.ForestRepositoryInterceptor.preHandle(ForestRepositoryInterceptor.java:32)
	at com.ontotext.forest.sesame.ForestRepositoryInterceptor$$FastClassBySpringCGLIB$$d99bcd9f.invoke(<generated>)
	at org.springframework.cglib.proxy.MethodProxy.invoke(MethodProxy.java:218)
	at org.springframework.aop.framework.CglibAopProxy$CglibMethodInvocation.invokeJoinpoint(CglibAopProxy.java:771)
	at org.springframework.aop.framework.ReflectiveMethodInvocation.proceed(ReflectiveMethodInvocation.java:163)
	at org.springframework.aop.framework.CglibAopProxy$CglibMethodInvocation.proceed(CglibAopProxy.java:749)
	at org.springframework.aop.support.DelegatingIntroductionInterceptor.doProceed(DelegatingIntroductionInterceptor.java:136)
	at org.springframework.aop.support.DelegatingIntroductionInterceptor.invoke(DelegatingIntroductionInterceptor.java:124)
	at org.springframework.aop.framework.ReflectiveMethodInvocation.proceed(ReflectiveMethodInvocation.java:186)
	at org.springframework.aop.framework.CglibAopProxy$CglibMethodInvocation.proceed(CglibAopProxy.java:749)
	at org.springframework.aop.framework.CglibAopProxy$DynamicAdvisedInterceptor.intercept(CglibAopProxy.java:691)
	at com.ontotext.forest.sesame.ForestRepositoryInterceptor$$EnhancerBySpringCGLIB$$70c605aa.preHandle(<generated>)
	at org.springframework.web.servlet.HandlerExecutionChain.applyPreHandle(HandlerExecutionChain.java:151)
	at org.springframework.web.servlet.DispatcherServlet.doDispatch(DispatcherServlet.java:1035)
	at org.springframework.web.servlet.DispatcherServlet.doService(DispatcherServlet.java:943)
	at org.springframework.web.servlet.FrameworkServlet.processRequest(FrameworkServlet.java:1006)
	at org.springframework.web.servlet.FrameworkServlet.doGet(FrameworkServlet.java:898)
	at javax.servlet.http.HttpServlet.service(HttpServlet.java:626)
	at org.springframework.web.servlet.FrameworkServlet.service(FrameworkServlet.java:883)
	at javax.servlet.http.HttpServlet.service(HttpServlet.java:733)
	at org.apache.catalina.core.ApplicationFilterChain.internalDoFilter(ApplicationFilterChain.java:227)
	at org.apache.catalina.core.ApplicationFilterChain.doFilter(ApplicationFilterChain.java:162)
	at com.ontotext.forest.core.request.RequestFilter.doFilterInternal(RequestFilter.java:45)
	at org.springframework.web.filter.OncePerRequestFilter.doFilter(OncePerRequestFilter.java:119)
	at org.apache.catalina.core.ApplicationFilterChain.internalDoFilter(ApplicationFilterChain.java:189)
	at org.apache.catalina.core.ApplicationFilterChain.doFilter(ApplicationFilterChain.java:162)
	at org.springframework.web.filter.CharacterEncodingFilter.doFilterInternal(CharacterEncodingFilter.java:201)
	at org.springframework.web.filter.OncePerRequestFilter.doFilter(OncePerRequestFilter.java:119)
	at org.apache.catalina.core.ApplicationFilterChain.internalDoFilter(ApplicationFilterChain.java:189)
	at org.apache.catalina.core.ApplicationFilterChain.doFilter(ApplicationFilterChain.java:162)
	at com.github.ziplet.filter.compression.CompressingFilter.doFilter(CompressingFilter.java:263)
	at org.apache.catalina.core.ApplicationFilterChain.internalDoFilter(ApplicationFilterChain.java:189)
	at org.apache.catalina.core.ApplicationFilterChain.doFilter(ApplicationFilterChain.java:162)
	at com.ontotext.forest.security.AdminDelegatingFilterProxy.doFilter(AdminDelegatingFilterProxy.java:84)
	at org.springframework.web.filter.DelegatingFilterProxy.invokeDelegate(DelegatingFilterProxy.java:358)
	at org.springframework.web.filter.DelegatingFilterProxy.doFilter(DelegatingFilterProxy.java:271)
	at org.apache.catalina.core.ApplicationFilterChain.internalDoFilter(ApplicationFilterChain.java:189)
	at org.apache.catalina.core.ApplicationFilterChain.doFilter(ApplicationFilterChain.java:162)
	at org.apache.catalina.core.StandardWrapperValve.invoke(StandardWrapperValve.java:202)
	at org.apache.catalina.core.StandardContextValve.invoke(StandardContextValve.java:97)
	at org.apache.catalina.authenticator.AuthenticatorBase.invoke(AuthenticatorBase.java:542)
	at org.apache.catalina.core.StandardHostValve.invoke(StandardHostValve.java:143)
	at org.apache.catalina.valves.ErrorReportValve.invoke(ErrorReportValve.java:92)
	at org.apache.catalina.core.StandardEngineValve.invoke(StandardEngineValve.java:78)
	at org.apache.catalina.connector.CoyoteAdapter.service(CoyoteAdapter.java:346)
	at org.apache.coyote.http11.Http11Processor.service(Http11Processor.java:374)
	at org.apache.coyote.AbstractProcessorLight.process(AbstractProcessorLight.java:65)
	at org.apache.coyote.AbstractProtocol$ConnectionHandler.process(AbstractProtocol.java:887)
	at org.apache.tomcat.util.net.NioEndpoint$SocketProcessor.doRun(NioEndpoint.java:1684)
	at org.apache.tomcat.util.net.SocketProcessorBase.run(SocketProcessorBase.java:49)
	at java.base/java.util.concurrent.ThreadPoolExecutor.runWorker(ThreadPoolExecutor.java:1128)
	at java.base/java.util.concurrent.ThreadPoolExecutor$Worker.run(ThreadPoolExecutor.java:628)
	at org.apache.tomcat.util.threads.TaskThread$WrappingRunnable.run(TaskThread.java:61)
	at java.base/java.lang.Thread.run(Thread.java:834)
Caused by: org.eclipse.rdf4j.repository.RepositoryException: org.eclipse.rdf4j.sail.SailException: No software license set.
	at org.eclipse.rdf4j.repository.sail.SailRepository.initializeInternal(SailRepository.java:153)
	at org.eclipse.rdf4j.repository.base.AbstractRepository.init(AbstractRepository.java:39)
	at org.eclipse.rdf4j.repository.base.AbstractRepository.initialize(AbstractRepository.java:31)
	at org.eclipse.rdf4j.repository.base.RepositoryWrapper.initialize(RepositoryWrapper.java:64)
	at com.ontotext.trree.replicationcluster.ReplicationClusterWorker.access$301(ReplicationClusterWorker.java:57)
	at com.ontotext.trree.replicationcluster.ReplicationClusterWorker$2.call(ReplicationClusterWorker.java:880)
	at com.ontotext.trree.replicationcluster.ReplicationClusterWorker$2.call(ReplicationClusterWorker.java:876)
	at java.base/java.util.concurrent.FutureTask.run(FutureTask.java:264)
	at com.ontotext.trree.replicationcluster.ReplicationClusterWorker.initialize(ReplicationClusterWorker.java:89)
	at org.eclipse.rdf4j.repository.Repository.init(Repository.java:61)
	at org.eclipse.rdf4j.repository.manager.LocalRepositoryManager.createRepository(LocalRepositoryManager.java:258)
	at com.ontotext.graphdb.GraphDBRepositoryManager.createRepository(GraphDBRepositoryManager.java:380)
	at com.ontotext.graphdb.GraphDBRepositoryManager$FutureRepository.lambda$new$0(GraphDBRepositoryManager.java:75)
	at java.base/java.util.concurrent.FutureTask.run(FutureTask.java:264)
	at com.ontotext.graphdb.GraphDBRepositoryManager.awaitFutureRepository(GraphDBRepositoryManager.java:795)
	at com.ontotext.graphdb.GraphDBRepositoryManager.getRepository(GraphDBRepositoryManager.java:372)
	at org.eclipse.rdf4j.http.server.repository.RepositoryInterceptor.setRequestAttributes(RepositoryInterceptor.java:105)
	... 56 common frames omitted
Caused by: org.eclipse.rdf4j.sail.SailException: org.eclipse.rdf4j.sail.SailException: No software license set.
	at com.ontotext.trree.OwlimSchemaRepository.initializeInternal(OwlimSchemaRepository.java:321)
	at org.eclipse.rdf4j.sail.helpers.AbstractSail.init(AbstractSail.java:190)
	at org.eclipse.rdf4j.repository.sail.SailRepository.initializeInternal(SailRepository.java:146)
	... 72 common frames omitted
Caused by: org.eclipse.rdf4j.sail.SailException: No software license set.
	at com.ontotext.trree.OwlimSchemaRepository.verifySoftwareLicense(OwlimSchemaRepository.java:1625)
	at com.ontotext.trree.OwlimSchemaRepository.initializeInternal(OwlimSchemaRepository.java:182)
	... 74 common frames omitted
[ERROR] 2023-06-12 22:07:57,114 [http-nio-7200-exec-1 | c.o.t.s.OwlimClusterWorkerRepository] No software license was set. License can be set in one of the following ways (in order of preference): 
- System or config property 'graphdb.license.file'
- File 'graphdb.license' in config directory (/opt/graphdb/home/conf)
- Set through Workbench or API
Please refer to the documentation for more information on how to set the license.
[ERROR] 2023-06-12 22:08:01,109 [http-nio-7200-exec-10 | c.o.t.s.OwlimClusterWorkerRepository] No software license was set. License can be set in one of the following ways (in order of preference): 
- System or config property 'graphdb.license.file'
- File 'graphdb.license' in config directory (/opt/graphdb/home/conf)
- Set through Workbench or API
Please refer to the documentation for more information on how to set the license.
[ERROR] 2023-06-12 22:08:05,114 [http-nio-7200-exec-2 | c.o.t.s.OwlimClusterWorkerRepository] No software license was set. License can be set in one of the following ways (in order of preference): 
- System or config property 'graphdb.license.file'
- File 'graphdb.license' in config directory (/opt/graphdb/home/conf)
- Set through Workbench or API
Please refer to the documentation for more information on how to set the license.
[ERROR] 2023-06-12 22:08:11,124 [http-nio-7200-exec-6 | c.o.t.s.OwlimClusterWorkerRepository] No software license was set. License can be set in one of the following ways (in order of preference): 
- System or config property 'graphdb.license.file'
- File 'graphdb.license' in config directory (/opt/graphdb/home/conf)
- Set through Workbench or API
Please refer to the documentation for more information on how to set the license.
[ERROR] 2023-06-12 22:11:13,504 [repositories/LDAC | c.o.f.s.GraphDBProtocolExceptionResolver] Error while handling request (500)
org.eclipse.rdf4j.http.server.ServerHTTPException: org.eclipse.rdf4j.repository.config.RepositoryConfigException: Unsupported repository type: owlim:ReplicationClusterWorker
	at org.eclipse.rdf4j.http.server.repository.RepositoryInterceptor.setRequestAttributes(RepositoryInterceptor.java:113)
	at org.eclipse.rdf4j.http.server.ServerInterceptor.preHandle(ServerInterceptor.java:32)
	at org.eclipse.rdf4j.http.server.repository.RepositoryInterceptor.preHandle(RepositoryInterceptor.java:82)
	at com.ontotext.forest.sesame.ForestRepositoryInterceptor.preHandle(ForestRepositoryInterceptor.java:33)
	at com.ontotext.forest.sesame.ForestRepositoryInterceptor$$FastClassBySpringCGLIB$$d99bcd9f.invoke(<generated>)
	at org.springframework.cglib.proxy.MethodProxy.invoke(MethodProxy.java:218)
	at org.springframework.aop.framework.CglibAopProxy$CglibMethodInvocation.invokeJoinpoint(CglibAopProxy.java:783)
	at org.springframework.aop.framework.ReflectiveMethodInvocation.proceed(ReflectiveMethodInvocation.java:163)
	at org.springframework.aop.framework.CglibAopProxy$CglibMethodInvocation.proceed(CglibAopProxy.java:753)
	at org.springframework.aop.support.DelegatingIntroductionInterceptor.doProceed(DelegatingIntroductionInterceptor.java:136)
	at org.springframework.aop.support.DelegatingIntroductionInterceptor.invoke(DelegatingIntroductionInterceptor.java:124)
	at org.springframework.aop.framework.ReflectiveMethodInvocation.proceed(ReflectiveMethodInvocation.java:186)
	at org.springframework.aop.framework.CglibAopProxy$CglibMethodInvocation.proceed(CglibAopProxy.java:753)
	at org.springframework.aop.framework.CglibAopProxy$DynamicAdvisedInterceptor.intercept(CglibAopProxy.java:698)
	at com.ontotext.forest.sesame.ForestRepositoryInterceptor$$EnhancerBySpringCGLIB$$4cb940ad.preHandle(<generated>)
	at org.springframework.web.servlet.HandlerExecutionChain.applyPreHandle(HandlerExecutionChain.java:151)
	at org.springframework.web.servlet.DispatcherServlet.doDispatch(DispatcherServlet.java:1038)
	at org.springframework.web.servlet.DispatcherServlet.doService(DispatcherServlet.java:943)
	at org.springframework.web.servlet.FrameworkServlet.processRequest(FrameworkServlet.java:1006)
	at org.springframework.web.servlet.FrameworkServlet.doGet(FrameworkServlet.java:898)
	at javax.servlet.http.HttpServlet.service(HttpServlet.java:655)
	at org.springframework.web.servlet.FrameworkServlet.service(FrameworkServlet.java:883)
	at javax.servlet.http.HttpServlet.service(HttpServlet.java:764)
	at org.apache.catalina.core.ApplicationFilterChain.internalDoFilter(ApplicationFilterChain.java:227)
	at org.apache.catalina.core.ApplicationFilterChain.doFilter(ApplicationFilterChain.java:162)
	at com.ontotext.forest.core.request.RequestFilter.doFilterInternal(RequestFilter.java:47)
	at org.springframework.web.filter.OncePerRequestFilter.doFilter(OncePerRequestFilter.java:119)
	at org.apache.catalina.core.ApplicationFilterChain.internalDoFilter(ApplicationFilterChain.java:189)
	at org.apache.catalina.core.ApplicationFilterChain.doFilter(ApplicationFilterChain.java:162)
	at org.springframework.web.filter.CharacterEncodingFilter.doFilterInternal(CharacterEncodingFilter.java:201)
	at org.springframework.web.filter.OncePerRequestFilter.doFilter(OncePerRequestFilter.java:119)
	at org.apache.catalina.core.ApplicationFilterChain.internalDoFilter(ApplicationFilterChain.java:189)
	at org.apache.catalina.core.ApplicationFilterChain.doFilter(ApplicationFilterChain.java:162)
	at com.github.ziplet.filter.compression.CompressingFilter.doFilter(CompressingFilter.java:263)
	at org.apache.catalina.core.ApplicationFilterChain.internalDoFilter(ApplicationFilterChain.java:189)
	at org.apache.catalina.core.ApplicationFilterChain.doFilter(ApplicationFilterChain.java:162)
	at com.ontotext.forest.security.AdminDelegatingFilterProxy.doFilter(AdminDelegatingFilterProxy.java:84)
	at org.springframework.web.filter.DelegatingFilterProxy.invokeDelegate(DelegatingFilterProxy.java:358)
	at org.springframework.web.filter.DelegatingFilterProxy.doFilter(DelegatingFilterProxy.java:271)
	at org.apache.catalina.core.ApplicationFilterChain.internalDoFilter(ApplicationFilterChain.java:189)
	at org.apache.catalina.core.ApplicationFilterChain.doFilter(ApplicationFilterChain.java:162)
	at org.apache.catalina.core.StandardWrapperValve.invoke(StandardWrapperValve.java:197)
	at org.apache.catalina.core.StandardContextValve.invoke(StandardContextValve.java:97)
	at org.apache.catalina.authenticator.AuthenticatorBase.invoke(AuthenticatorBase.java:541)
	at org.apache.catalina.core.StandardHostValve.invoke(StandardHostValve.java:135)
	at org.apache.catalina.valves.ErrorReportValve.invoke(ErrorReportValve.java:92)
	at org.apache.catalina.core.StandardEngineValve.invoke(StandardEngineValve.java:78)
	at org.apache.catalina.connector.CoyoteAdapter.service(CoyoteAdapter.java:360)
	at org.apache.coyote.http11.Http11Processor.service(Http11Processor.java:399)
	at org.apache.coyote.AbstractProcessorLight.process(AbstractProcessorLight.java:65)
	at org.apache.coyote.AbstractProtocol$ConnectionHandler.process(AbstractProtocol.java:890)
	at org.apache.tomcat.util.net.NioEndpoint$SocketProcessor.doRun(NioEndpoint.java:1743)
	at org.apache.tomcat.util.net.SocketProcessorBase.run(SocketProcessorBase.java:49)
	at org.apache.tomcat.util.threads.ThreadPoolExecutor.runWorker(ThreadPoolExecutor.java:1191)
	at org.apache.tomcat.util.threads.ThreadPoolExecutor$Worker.run(ThreadPoolExecutor.java:659)
	at org.apache.tomcat.util.threads.TaskThread$WrappingRunnable.run(TaskThread.java:61)
	at java.base/java.lang.Thread.run(Thread.java:829)
Caused by: org.eclipse.rdf4j.repository.config.RepositoryConfigException: Unsupported repository type: owlim:ReplicationClusterWorker
	at org.eclipse.rdf4j.repository.config.AbstractRepositoryImplConfig.lambda$create$1(AbstractRepositoryImplConfig.java:97)
	at java.base/java.util.Optional.orElseThrow(Optional.java:408)
	at org.eclipse.rdf4j.repository.config.AbstractRepositoryImplConfig.create(AbstractRepositoryImplConfig.java:96)
	at org.eclipse.rdf4j.repository.config.RepositoryConfig.lambda$parse$2(RepositoryConfig.java:157)
	at java.base/java.util.Optional.ifPresent(Optional.java:183)
	at org.eclipse.rdf4j.repository.config.RepositoryConfig.parse(RepositoryConfig.java:157)
	at org.eclipse.rdf4j.repository.config.RepositoryConfig.create(RepositoryConfig.java:173)
	at org.eclipse.rdf4j.repository.config.RepositoryConfigUtil.getRepositoryConfig(RepositoryConfigUtil.java:43)
	at org.eclipse.rdf4j.repository.manager.LocalRepositoryManager.getRepositoryConfig(LocalRepositoryManager.java:323)
	at org.eclipse.rdf4j.repository.manager.LocalRepositoryManager.createRepository(LocalRepositoryManager.java:253)
	at com.ontotext.graphdb.GraphDBRepositoryManager.createRepository(GraphDBRepositoryManager.java:380)
	at com.ontotext.graphdb.GraphDBRepositoryManager$FutureRepository.lambda$new$0(GraphDBRepositoryManager.java:75)
	at java.base/java.util.concurrent.FutureTask.run(FutureTask.java:264)
	at com.ontotext.graphdb.GraphDBRepositoryManager.awaitFutureRepository(GraphDBRepositoryManager.java:807)
	at com.ontotext.graphdb.GraphDBRepositoryManager.getRepository(GraphDBRepositoryManager.java:372)
	at org.eclipse.rdf4j.http.server.repository.RepositoryInterceptor.setRequestAttributes(RepositoryInterceptor.java:105)
	... 56 common frames omitted
