[INFO ] 2023-06-12 22:06:59,166 [main | c.o.g.Config] Using 'jar:file:/opt/graphdb/dist/lib/graphdb-application-common-9.7.0.jar!/com/ontotext/graphdb/logback-ee.xml' as logback's configuration file for graphdb
[INFO ] 2023-06-12 22:06:59,611 [main | c.o.g.s.GraphDB] Starting GraphDB in workbench mode.
[INFO ] 2023-06-12 22:07:07,585 [main | c.o.g.Config] GraphDB Home directory: /opt/graphdb/home
[INFO ] 2023-06-12 22:07:07,587 [main | c.o.g.Config] GraphDB Config directory: /opt/graphdb/home/conf
[INFO ] 2023-06-12 22:07:07,590 [main | c.o.g.Config] GraphDB Data directory: /opt/graphdb/home/data
[INFO ] 2023-06-12 22:07:07,592 [main | c.o.g.Config] GraphDB Work directory: /opt/graphdb/home/work
[INFO ] 2023-06-12 22:07:07,593 [main | c.o.g.Config] GraphDB Logs directory: /opt/graphdb/home/logs
[INFO ] 2023-06-12 22:07:12,396 [main | c.o.g.s.GraphDB] Started GraphDB in workbench mode at port 7200.
[INFO ] 2023-06-12 22:07:37,525 [repositories/LDAC | c.o.t.s.OwlimClusterWorkerRepository] Version: 9.7, revision: 37627505
[INFO ] 2023-06-12 22:07:37,528 [repositories/LDAC | c.o.t.s.OwlimClusterWorkerRepository] Build date: Fri Mar 26 13:08:13 GMT 2021
[ERROR] 2023-06-12 22:07:37,535 [repositories/LDAC | c.o.t.s.OwlimClusterWorkerRepository] No software license was set. License can be set in one of the following ways (in order of preference): 
- System or config property 'graphdb.license.file'
- File 'graphdb.license' in config directory (/opt/graphdb/home/conf)
- Set through Workbench or API
Please refer to the documentation for more information on how to set the license.
[ERROR] 2023-06-12 22:07:37,543 [repositories/LDAC | c.o.f.s.GraphDBProtocolExceptionResolver] Error while handling request (500)
org.eclipse.rdf4j.http.server.ServerHTTPException: org.eclipse.rdf4j.repository.RepositoryException: org.eclipse.rdf4j.sail.SailException: No software license set.
	at org.eclipse.rdf4j.http.server.repository.RepositoryInterceptor.setRequestAttributes(RepositoryInterceptor.java:113)
	at org.eclipse.rdf4j.http.server.ServerInterceptor.preHandle(ServerInterceptor.java:32)
	at org.eclipse.rdf4j.http.server.repository.RepositoryInterceptor.preHandle(RepositoryInterceptor.java:82)
	at com.ontotext.forest.sesame.ForestRepositoryInterceptor.preHandle(ForestRepositoryInterceptor.java:32)
	at com.ontotext.forest.sesame.ForestRepositoryInterceptor$$FastClassBySpringCGLIB$$d99bcd9f.invoke(<generated>)
	at org.springframework.cglib.proxy.MethodProxy.invoke(MethodProxy.java:218)
	at org.springframework.aop.framework.CglibAopProxy$CglibMethodInvocation.invokeJoinpoint(CglibAopProxy.java:771)
	at org.springframework.aop.framework.ReflectiveMethodInvocation.proceed(ReflectiveMethodInvocation.java:163)
	at org.springframework.aop.framework.CglibAopProxy$CglibMethodInvocation.proceed(CglibAopProxy.java:749)
	at org.springframework.aop.support.DelegatingIntroductionInterceptor.doProceed(DelegatingIntroductionInterceptor.java:136)
	at org.springframework.aop.support.DelegatingIntroductionInterceptor.invoke(DelegatingIntroductionInterceptor.java:124)
	at org.springframework.aop.framework.ReflectiveMethodInvocation.proceed(ReflectiveMethodInvocation.java:186)
	at org.springframework.aop.framework.CglibAopProxy$CglibMethodInvocation.proceed(CglibAopProxy.java:749)
	at org.springframework.aop.framework.CglibAopProxy$DynamicAdvisedInterceptor.intercept(CglibAopProxy.java:691)
	at com.ontotext.forest.sesame.ForestRepositoryInterceptor$$EnhancerBySpringCGLIB$$70c605aa.preHandle(<generated>)
	at org.springframework.web.servlet.HandlerExecutionChain.applyPreHandle(HandlerExecutionChain.java:151)
	at org.springframework.web.servlet.DispatcherServlet.doDispatch(DispatcherServlet.java:1035)
	at org.springframework.web.servlet.DispatcherServlet.doService(DispatcherServlet.java:943)
	at org.springframework.web.servlet.FrameworkServlet.processRequest(FrameworkServlet.java:1006)
	at org.springframework.web.servlet.FrameworkServlet.doGet(FrameworkServlet.java:898)
	at javax.servlet.http.HttpServlet.service(HttpServlet.java:626)
	at org.springframework.web.servlet.FrameworkServlet.service(FrameworkServlet.java:883)
	at javax.servlet.http.HttpServlet.service(HttpServlet.java:733)
	at org.apache.catalina.core.ApplicationFilterChain.internalDoFilter(ApplicationFilterChain.java:227)
	at org.apache.catalina.core.ApplicationFilterChain.doFilter(ApplicationFilterChain.java:162)
	at com.ontotext.forest.core.request.RequestFilter.doFilterInternal(RequestFilter.java:45)
	at org.springframework.web.filter.OncePerRequestFilter.doFilter(OncePerRequestFilter.java:119)
	at org.apache.catalina.core.ApplicationFilterChain.internalDoFilter(ApplicationFilterChain.java:189)
	at org.apache.catalina.core.ApplicationFilterChain.doFilter(ApplicationFilterChain.java:162)
	at org.springframework.web.filter.CharacterEncodingFilter.doFilterInternal(CharacterEncodingFilter.java:201)
	at org.springframework.web.filter.OncePerRequestFilter.doFilter(OncePerRequestFilter.java:119)
	at org.apache.catalina.core.ApplicationFilterChain.internalDoFilter(ApplicationFilterChain.java:189)
	at org.apache.catalina.core.ApplicationFilterChain.doFilter(ApplicationFilterChain.java:162)
	at com.github.ziplet.filter.compression.CompressingFilter.doFilter(CompressingFilter.java:263)
	at org.apache.catalina.core.ApplicationFilterChain.internalDoFilter(ApplicationFilterChain.java:189)
	at org.apache.catalina.core.ApplicationFilterChain.doFilter(ApplicationFilterChain.java:162)
	at com.ontotext.forest.security.AdminDelegatingFilterProxy.doFilter(AdminDelegatingFilterProxy.java:84)
	at org.springframework.web.filter.DelegatingFilterProxy.invokeDelegate(DelegatingFilterProxy.java:358)
	at org.springframework.web.filter.DelegatingFilterProxy.doFilter(DelegatingFilterProxy.java:271)
	at org.apache.catalina.core.ApplicationFilterChain.internalDoFilter(ApplicationFilterChain.java:189)
	at org.apache.catalina.core.ApplicationFilterChain.doFilter(ApplicationFilterChain.java:162)
	at org.apache.catalina.core.StandardWrapperValve.invoke(StandardWrapperValve.java:202)
	at org.apache.catalina.core.StandardContextValve.invoke(StandardContextValve.java:97)
	at org.apache.catalina.authenticator.AuthenticatorBase.invoke(AuthenticatorBase.java:542)
	at org.apache.catalina.core.StandardHostValve.invoke(StandardHostValve.java:143)
	at org.apache.catalina.valves.ErrorReportValve.invoke(ErrorReportValve.java:92)
	at org.apache.catalina.core.StandardEngineValve.invoke(StandardEngineValve.java:78)
	at org.apache.catalina.connector.CoyoteAdapter.service(CoyoteAdapter.java:346)
	at org.apache.coyote.http11.Http11Processor.service(Http11Processor.java:374)
	at org.apache.coyote.AbstractProcessorLight.process(AbstractProcessorLight.java:65)
	at org.apache.coyote.AbstractProtocol$ConnectionHandler.process(AbstractProtocol.java:887)
	at org.apache.tomcat.util.net.NioEndpoint$SocketProcessor.doRun(NioEndpoint.java:1684)
	at org.apache.tomcat.util.net.SocketProcessorBase.run(SocketProcessorBase.java:49)
	at java.base/java.util.concurrent.ThreadPoolExecutor.runWorker(ThreadPoolExecutor.java:1128)
	at java.base/java.util.concurrent.ThreadPoolExecutor$Worker.run(ThreadPoolExecutor.java:628)
	at org.apache.tomcat.util.threads.TaskThread$WrappingRunnable.run(TaskThread.java:61)
	at java.base/java.lang.Thread.run(Thread.java:834)
Caused by: org.eclipse.rdf4j.repository.RepositoryException: org.eclipse.rdf4j.sail.SailException: No software license set.
	at org.eclipse.rdf4j.repository.sail.SailRepository.initializeInternal(SailRepository.java:153)
	at org.eclipse.rdf4j.repository.base.AbstractRepository.init(AbstractRepository.java:39)
	at org.eclipse.rdf4j.repository.base.AbstractRepository.initialize(AbstractRepository.java:31)
	at org.eclipse.rdf4j.repository.base.RepositoryWrapper.initialize(RepositoryWrapper.java:64)
	at com.ontotext.trree.replicationcluster.ReplicationClusterWorker.access$301(ReplicationClusterWorker.java:57)
	at com.ontotext.trree.replicationcluster.ReplicationClusterWorker$2.call(ReplicationClusterWorker.java:880)
	at com.ontotext.trree.replicationcluster.ReplicationClusterWorker$2.call(ReplicationClusterWorker.java:876)
	at java.base/java.util.concurrent.FutureTask.run(FutureTask.java:264)
	at com.ontotext.trree.replicationcluster.ReplicationClusterWorker.initialize(ReplicationClusterWorker.java:89)
	at org.eclipse.rdf4j.repository.Repository.init(Repository.java:61)
	at org.eclipse.rdf4j.repository.manager.LocalRepositoryManager.createRepository(LocalRepositoryManager.java:258)
	at com.ontotext.graphdb.GraphDBRepositoryManager.createRepository(GraphDBRepositoryManager.java:380)
	at com.ontotext.graphdb.GraphDBRepositoryManager$FutureRepository.lambda$new$0(GraphDBRepositoryManager.java:75)
	at java.base/java.util.concurrent.FutureTask.run(FutureTask.java:264)
	at com.ontotext.graphdb.GraphDBRepositoryManager.awaitFutureRepository(GraphDBRepositoryManager.java:795)
	at com.ontotext.graphdb.GraphDBRepositoryManager.getRepository(GraphDBRepositoryManager.java:372)
	at org.eclipse.rdf4j.http.server.repository.RepositoryInterceptor.setRequestAttributes(RepositoryInterceptor.java:105)
	... 56 common frames omitted
Caused by: org.eclipse.rdf4j.sail.SailException: org.eclipse.rdf4j.sail.SailException: No software license set.
	at com.ontotext.trree.OwlimSchemaRepository.initializeInternal(OwlimSchemaRepository.java:321)
	at org.eclipse.rdf4j.sail.helpers.AbstractSail.init(AbstractSail.java:190)
	at org.eclipse.rdf4j.repository.sail.SailRepository.initializeInternal(SailRepository.java:146)
	... 72 common frames omitted
Caused by: org.eclipse.rdf4j.sail.SailException: No software license set.
	at com.ontotext.trree.OwlimSchemaRepository.verifySoftwareLicense(OwlimSchemaRepository.java:1625)
	at com.ontotext.trree.OwlimSchemaRepository.initializeInternal(OwlimSchemaRepository.java:182)
	... 74 common frames omitted
[INFO ] 2023-06-12 22:07:38,409 [repositories/LDAC | c.o.t.s.OwlimClusterWorkerRepository] Version: 9.7, revision: 37627505
[INFO ] 2023-06-12 22:07:38,410 [repositories/LDAC | c.o.t.s.OwlimClusterWorkerRepository] Build date: Fri Mar 26 13:08:13 GMT 2021
[ERROR] 2023-06-12 22:07:38,418 [repositories/LDAC | c.o.t.s.OwlimClusterWorkerRepository] No software license was set. License can be set in one of the following ways (in order of preference): 
- System or config property 'graphdb.license.file'
- File 'graphdb.license' in config directory (/opt/graphdb/home/conf)
- Set through Workbench or API
Please refer to the documentation for more information on how to set the license.
[ERROR] 2023-06-12 22:07:38,424 [repositories/LDAC | c.o.f.s.GraphDBProtocolExceptionResolver] Error while handling request (500)
org.eclipse.rdf4j.http.server.ServerHTTPException: org.eclipse.rdf4j.repository.RepositoryException: org.eclipse.rdf4j.sail.SailException: No software license set.
	at org.eclipse.rdf4j.http.server.repository.RepositoryInterceptor.setRequestAttributes(RepositoryInterceptor.java:113)
	at org.eclipse.rdf4j.http.server.ServerInterceptor.preHandle(ServerInterceptor.java:32)
	at org.eclipse.rdf4j.http.server.repository.RepositoryInterceptor.preHandle(RepositoryInterceptor.java:82)
	at com.ontotext.forest.sesame.ForestRepositoryInterceptor.preHandle(ForestRepositoryInterceptor.java:32)
	at com.ontotext.forest.sesame.ForestRepositoryInterceptor$$FastClassBySpringCGLIB$$d99bcd9f.invoke(<generated>)
	at org.springframework.cglib.proxy.MethodProxy.invoke(MethodProxy.java:218)
	at org.springframework.aop.framework.CglibAopProxy$CglibMethodInvocation.invokeJoinpoint(CglibAopProxy.java:771)
	at org.springframework.aop.framework.ReflectiveMethodInvocation.proceed(ReflectiveMethodInvocation.java:163)
	at org.springframework.aop.framework.CglibAopProxy$CglibMethodInvocation.proceed(CglibAopProxy.java:749)
	at org.springframework.aop.support.DelegatingIntroductionInterceptor.doProceed(DelegatingIntroductionInterceptor.java:136)
	at org.springframework.aop.support.DelegatingIntroductionInterceptor.invoke(DelegatingIntroductionInterceptor.java:124)
	at org.springframework.aop.framework.ReflectiveMethodInvocation.proceed(ReflectiveMethodInvocation.java:186)
	at org.springframework.aop.framework.CglibAopProxy$CglibMethodInvocation.proceed(CglibAopProxy.java:749)
	at org.springframework.aop.framework.CglibAopProxy$DynamicAdvisedInterceptor.intercept(CglibAopProxy.java:691)
	at com.ontotext.forest.sesame.ForestRepositoryInterceptor$$EnhancerBySpringCGLIB$$70c605aa.preHandle(<generated>)
	at org.springframework.web.servlet.HandlerExecutionChain.applyPreHandle(HandlerExecutionChain.java:151)
	at org.springframework.web.servlet.DispatcherServlet.doDispatch(DispatcherServlet.java:1035)
	at org.springframework.web.servlet.DispatcherServlet.doService(DispatcherServlet.java:943)
	at org.springframework.web.servlet.FrameworkServlet.processRequest(FrameworkServlet.java:1006)
	at org.springframework.web.servlet.FrameworkServlet.doGet(FrameworkServlet.java:898)
	at javax.servlet.http.HttpServlet.service(HttpServlet.java:626)
	at org.springframework.web.servlet.FrameworkServlet.service(FrameworkServlet.java:883)
	at javax.servlet.http.HttpServlet.service(HttpServlet.java:733)
	at org.apache.catalina.core.ApplicationFilterChain.internalDoFilter(ApplicationFilterChain.java:227)
	at org.apache.catalina.core.ApplicationFilterChain.doFilter(ApplicationFilterChain.java:162)
	at com.ontotext.forest.core.request.RequestFilter.doFilterInternal(RequestFilter.java:45)
	at org.springframework.web.filter.OncePerRequestFilter.doFilter(OncePerRequestFilter.java:119)
	at org.apache.catalina.core.ApplicationFilterChain.internalDoFilter(ApplicationFilterChain.java:189)
	at org.apache.catalina.core.ApplicationFilterChain.doFilter(ApplicationFilterChain.java:162)
	at org.springframework.web.filter.CharacterEncodingFilter.doFilterInternal(CharacterEncodingFilter.java:201)
	at org.springframework.web.filter.OncePerRequestFilter.doFilter(OncePerRequestFilter.java:119)
	at org.apache.catalina.core.ApplicationFilterChain.internalDoFilter(ApplicationFilterChain.java:189)
	at org.apache.catalina.core.ApplicationFilterChain.doFilter(ApplicationFilterChain.java:162)
	at com.github.ziplet.filter.compression.CompressingFilter.doFilter(CompressingFilter.java:263)
	at org.apache.catalina.core.ApplicationFilterChain.internalDoFilter(ApplicationFilterChain.java:189)
	at org.apache.catalina.core.ApplicationFilterChain.doFilter(ApplicationFilterChain.java:162)
	at com.ontotext.forest.security.AdminDelegatingFilterProxy.doFilter(AdminDelegatingFilterProxy.java:84)
	at org.springframework.web.filter.DelegatingFilterProxy.invokeDelegate(DelegatingFilterProxy.java:358)
	at org.springframework.web.filter.DelegatingFilterProxy.doFilter(DelegatingFilterProxy.java:271)
	at org.apache.catalina.core.ApplicationFilterChain.internalDoFilter(ApplicationFilterChain.java:189)
	at org.apache.catalina.core.ApplicationFilterChain.doFilter(ApplicationFilterChain.java:162)
	at org.apache.catalina.core.StandardWrapperValve.invoke(StandardWrapperValve.java:202)
	at org.apache.catalina.core.StandardContextValve.invoke(StandardContextValve.java:97)
	at org.apache.catalina.authenticator.AuthenticatorBase.invoke(AuthenticatorBase.java:542)
	at org.apache.catalina.core.StandardHostValve.invoke(StandardHostValve.java:143)
	at org.apache.catalina.valves.ErrorReportValve.invoke(ErrorReportValve.java:92)
	at org.apache.catalina.core.StandardEngineValve.invoke(StandardEngineValve.java:78)
	at org.apache.catalina.connector.CoyoteAdapter.service(CoyoteAdapter.java:346)
	at org.apache.coyote.http11.Http11Processor.service(Http11Processor.java:374)
	at org.apache.coyote.AbstractProcessorLight.process(AbstractProcessorLight.java:65)
	at org.apache.coyote.AbstractProtocol$ConnectionHandler.process(AbstractProtocol.java:887)
	at org.apache.tomcat.util.net.NioEndpoint$SocketProcessor.doRun(NioEndpoint.java:1684)
	at org.apache.tomcat.util.net.SocketProcessorBase.run(SocketProcessorBase.java:49)
	at java.base/java.util.concurrent.ThreadPoolExecutor.runWorker(ThreadPoolExecutor.java:1128)
	at java.base/java.util.concurrent.ThreadPoolExecutor$Worker.run(ThreadPoolExecutor.java:628)
	at org.apache.tomcat.util.threads.TaskThread$WrappingRunnable.run(TaskThread.java:61)
	at java.base/java.lang.Thread.run(Thread.java:834)
Caused by: org.eclipse.rdf4j.repository.RepositoryException: org.eclipse.rdf4j.sail.SailException: No software license set.
	at org.eclipse.rdf4j.repository.sail.SailRepository.initializeInternal(SailRepository.java:153)
	at org.eclipse.rdf4j.repository.base.AbstractRepository.init(AbstractRepository.java:39)
	at org.eclipse.rdf4j.repository.base.AbstractRepository.initialize(AbstractRepository.java:31)
	at org.eclipse.rdf4j.repository.base.RepositoryWrapper.initialize(RepositoryWrapper.java:64)
	at com.ontotext.trree.replicationcluster.ReplicationClusterWorker.access$301(ReplicationClusterWorker.java:57)
	at com.ontotext.trree.replicationcluster.ReplicationClusterWorker$2.call(ReplicationClusterWorker.java:880)
	at com.ontotext.trree.replicationcluster.ReplicationClusterWorker$2.call(ReplicationClusterWorker.java:876)
	at java.base/java.util.concurrent.FutureTask.run(FutureTask.java:264)
	at com.ontotext.trree.replicationcluster.ReplicationClusterWorker.initialize(ReplicationClusterWorker.java:89)
	at org.eclipse.rdf4j.repository.Repository.init(Repository.java:61)
	at org.eclipse.rdf4j.repository.manager.LocalRepositoryManager.createRepository(LocalRepositoryManager.java:258)
	at com.ontotext.graphdb.GraphDBRepositoryManager.createRepository(GraphDBRepositoryManager.java:380)
	at com.ontotext.graphdb.GraphDBRepositoryManager$FutureRepository.lambda$new$0(GraphDBRepositoryManager.java:75)
	at java.base/java.util.concurrent.FutureTask.run(FutureTask.java:264)
	at com.ontotext.graphdb.GraphDBRepositoryManager.awaitFutureRepository(GraphDBRepositoryManager.java:795)
	at com.ontotext.graphdb.GraphDBRepositoryManager.getRepository(GraphDBRepositoryManager.java:372)
	at org.eclipse.rdf4j.http.server.repository.RepositoryInterceptor.setRequestAttributes(RepositoryInterceptor.java:105)
	... 56 common frames omitted
Caused by: org.eclipse.rdf4j.sail.SailException: org.eclipse.rdf4j.sail.SailException: No software license set.
	at com.ontotext.trree.OwlimSchemaRepository.initializeInternal(OwlimSchemaRepository.java:321)
	at org.eclipse.rdf4j.sail.helpers.AbstractSail.init(AbstractSail.java:190)
	at org.eclipse.rdf4j.repository.sail.SailRepository.initializeInternal(SailRepository.java:146)
	... 72 common frames omitted
Caused by: org.eclipse.rdf4j.sail.SailException: No software license set.
	at com.ontotext.trree.OwlimSchemaRepository.verifySoftwareLicense(OwlimSchemaRepository.java:1625)
	at com.ontotext.trree.OwlimSchemaRepository.initializeInternal(OwlimSchemaRepository.java:182)
	... 74 common frames omitted
[INFO ] 2023-06-12 22:07:39,270 [http-nio-7200-exec-9 | c.o.t.s.OwlimClusterWorkerRepository] Version: 9.7, revision: 37627505
[INFO ] 2023-06-12 22:07:39,270 [http-nio-7200-exec-9 | c.o.t.s.OwlimClusterWorkerRepository] Build date: Fri Mar 26 13:08:13 GMT 2021
[ERROR] 2023-06-12 22:07:39,275 [http-nio-7200-exec-9 | c.o.t.s.OwlimClusterWorkerRepository] No software license was set. License can be set in one of the following ways (in order of preference): 
- System or config property 'graphdb.license.file'
- File 'graphdb.license' in config directory (/opt/graphdb/home/conf)
- Set through Workbench or API
Please refer to the documentation for more information on how to set the license.
[INFO ] 2023-06-12 22:07:43,270 [http-nio-7200-exec-2 | c.o.t.s.OwlimClusterWorkerRepository] Version: 9.7, revision: 37627505
[INFO ] 2023-06-12 22:07:43,271 [http-nio-7200-exec-2 | c.o.t.s.OwlimClusterWorkerRepository] Build date: Fri Mar 26 13:08:13 GMT 2021
[ERROR] 2023-06-12 22:07:43,278 [http-nio-7200-exec-2 | c.o.t.s.OwlimClusterWorkerRepository] No software license was set. License can be set in one of the following ways (in order of preference): 
- System or config property 'graphdb.license.file'
- File 'graphdb.license' in config directory (/opt/graphdb/home/conf)
- Set through Workbench or API
Please refer to the documentation for more information on how to set the license.
[INFO ] 2023-06-12 22:07:43,379 [repositories/LDAC | c.o.t.s.OwlimClusterWorkerRepository] Version: 9.7, revision: 37627505
[INFO ] 2023-06-12 22:07:43,381 [repositories/LDAC | c.o.t.s.OwlimClusterWorkerRepository] Build date: Fri Mar 26 13:08:13 GMT 2021
[ERROR] 2023-06-12 22:07:43,394 [repositories/LDAC | c.o.t.s.OwlimClusterWorkerRepository] No software license was set. License can be set in one of the following ways (in order of preference): 
- System or config property 'graphdb.license.file'
- File 'graphdb.license' in config directory (/opt/graphdb/home/conf)
- Set through Workbench or API
Please refer to the documentation for more information on how to set the license.
[ERROR] 2023-06-12 22:07:43,396 [repositories/LDAC | c.o.f.s.GraphDBProtocolExceptionResolver] Error while handling request (500)
org.eclipse.rdf4j.http.server.ServerHTTPException: org.eclipse.rdf4j.repository.RepositoryException: org.eclipse.rdf4j.sail.SailException: No software license set.
	at org.eclipse.rdf4j.http.server.repository.RepositoryInterceptor.setRequestAttributes(RepositoryInterceptor.java:113)
	at org.eclipse.rdf4j.http.server.ServerInterceptor.preHandle(ServerInterceptor.java:32)
	at org.eclipse.rdf4j.http.server.repository.RepositoryInterceptor.preHandle(RepositoryInterceptor.java:82)
	at com.ontotext.forest.sesame.ForestRepositoryInterceptor.preHandle(ForestRepositoryInterceptor.java:32)
	at com.ontotext.forest.sesame.ForestRepositoryInterceptor$$FastClassBySpringCGLIB$$d99bcd9f.invoke(<generated>)
	at org.springframework.cglib.proxy.MethodProxy.invoke(MethodProxy.java:218)
	at org.springframework.aop.framework.CglibAopProxy$CglibMethodInvocation.invokeJoinpoint(CglibAopProxy.java:771)
	at org.springframework.aop.framework.ReflectiveMethodInvocation.proceed(ReflectiveMethodInvocation.java:163)
	at org.springframework.aop.framework.CglibAopProxy$CglibMethodInvocation.proceed(CglibAopProxy.java:749)
	at org.springframework.aop.support.DelegatingIntroductionInterceptor.doProceed(DelegatingIntroductionInterceptor.java:136)
	at org.springframework.aop.support.DelegatingIntroductionInterceptor.invoke(DelegatingIntroductionInterceptor.java:124)
	at org.springframework.aop.framework.ReflectiveMethodInvocation.proceed(ReflectiveMethodInvocation.java:186)
	at org.springframework.aop.framework.CglibAopProxy$CglibMethodInvocation.proceed(CglibAopProxy.java:749)
	at org.springframework.aop.framework.CglibAopProxy$DynamicAdvisedInterceptor.intercept(CglibAopProxy.java:691)
	at com.ontotext.forest.sesame.ForestRepositoryInterceptor$$EnhancerBySpringCGLIB$$70c605aa.preHandle(<generated>)
	at org.springframework.web.servlet.HandlerExecutionChain.applyPreHandle(HandlerExecutionChain.java:151)
	at org.springframework.web.servlet.DispatcherServlet.doDispatch(DispatcherServlet.java:1035)
	at org.springframework.web.servlet.DispatcherServlet.doService(DispatcherServlet.java:943)
	at org.springframework.web.servlet.FrameworkServlet.processRequest(FrameworkServlet.java:1006)
	at org.springframework.web.servlet.FrameworkServlet.doGet(FrameworkServlet.java:898)
	at javax.servlet.http.HttpServlet.service(HttpServlet.java:626)
	at org.springframework.web.servlet.FrameworkServlet.service(FrameworkServlet.java:883)
	at javax.servlet.http.HttpServlet.service(HttpServlet.java:733)
	at org.apache.catalina.core.ApplicationFilterChain.internalDoFilter(ApplicationFilterChain.java:227)
	at org.apache.catalina.core.ApplicationFilterChain.doFilter(ApplicationFilterChain.java:162)
	at com.ontotext.forest.core.request.RequestFilter.doFilterInternal(RequestFilter.java:45)
	at org.springframework.web.filter.OncePerRequestFilter.doFilter(OncePerRequestFilter.java:119)
	at org.apache.catalina.core.ApplicationFilterChain.internalDoFilter(ApplicationFilterChain.java:189)
	at org.apache.catalina.core.ApplicationFilterChain.doFilter(ApplicationFilterChain.java:162)
	at org.springframework.web.filter.CharacterEncodingFilter.doFilterInternal(CharacterEncodingFilter.java:201)
	at org.springframework.web.filter.OncePerRequestFilter.doFilter(OncePerRequestFilter.java:119)
	at org.apache.catalina.core.ApplicationFilterChain.internalDoFilter(ApplicationFilterChain.java:189)
	at org.apache.catalina.core.ApplicationFilterChain.doFilter(ApplicationFilterChain.java:162)
	at com.github.ziplet.filter.compression.CompressingFilter.doFilter(CompressingFilter.java:263)
	at org.apache.catalina.core.ApplicationFilterChain.internalDoFilter(ApplicationFilterChain.java:189)
	at org.apache.catalina.core.ApplicationFilterChain.doFilter(ApplicationFilterChain.java:162)
	at com.ontotext.forest.security.AdminDelegatingFilterProxy.doFilter(AdminDelegatingFilterProxy.java:84)
	at org.springframework.web.filter.DelegatingFilterProxy.invokeDelegate(DelegatingFilterProxy.java:358)
	at org.springframework.web.filter.DelegatingFilterProxy.doFilter(DelegatingFilterProxy.java:271)
	at org.apache.catalina.core.ApplicationFilterChain.internalDoFilter(ApplicationFilterChain.java:189)
	at org.apache.catalina.core.ApplicationFilterChain.doFilter(ApplicationFilterChain.java:162)
	at org.apache.catalina.core.StandardWrapperValve.invoke(StandardWrapperValve.java:202)
	at org.apache.catalina.core.StandardContextValve.invoke(StandardContextValve.java:97)
	at org.apache.catalina.authenticator.AuthenticatorBase.invoke(AuthenticatorBase.java:542)
	at org.apache.catalina.core.StandardHostValve.invoke(StandardHostValve.java:143)
	at org.apache.catalina.valves.ErrorReportValve.invoke(ErrorReportValve.java:92)
	at org.apache.catalina.core.StandardEngineValve.invoke(StandardEngineValve.java:78)
	at org.apache.catalina.connector.CoyoteAdapter.service(CoyoteAdapter.java:346)
	at org.apache.coyote.http11.Http11Processor.service(Http11Processor.java:374)
	at org.apache.coyote.AbstractProcessorLight.process(AbstractProcessorLight.java:65)
	at org.apache.coyote.AbstractProtocol$ConnectionHandler.process(AbstractProtocol.java:887)
	at org.apache.tomcat.util.net.NioEndpoint$SocketProcessor.doRun(NioEndpoint.java:1684)
	at org.apache.tomcat.util.net.SocketProcessorBase.run(SocketProcessorBase.java:49)
	at java.base/java.util.concurrent.ThreadPoolExecutor.runWorker(ThreadPoolExecutor.java:1128)
	at java.base/java.util.concurrent.ThreadPoolExecutor$Worker.run(ThreadPoolExecutor.java:628)
	at org.apache.tomcat.util.threads.TaskThread$WrappingRunnable.run(TaskThread.java:61)
	at java.base/java.lang.Thread.run(Thread.java:834)
Caused by: org.eclipse.rdf4j.repository.RepositoryException: org.eclipse.rdf4j.sail.SailException: No software license set.
	at org.eclipse.rdf4j.repository.sail.SailRepository.initializeInternal(SailRepository.java:153)
	at org.eclipse.rdf4j.repository.base.AbstractRepository.init(AbstractRepository.java:39)
	at org.eclipse.rdf4j.repository.base.AbstractRepository.initialize(AbstractRepository.java:31)
	at org.eclipse.rdf4j.repository.base.RepositoryWrapper.initialize(RepositoryWrapper.java:64)
	at com.ontotext.trree.replicationcluster.ReplicationClusterWorker.access$301(ReplicationClusterWorker.java:57)
	at com.ontotext.trree.replicationcluster.ReplicationClusterWorker$2.call(ReplicationClusterWorker.java:880)
	at com.ontotext.trree.replicationcluster.ReplicationClusterWorker$2.call(ReplicationClusterWorker.java:876)
	at java.base/java.util.concurrent.FutureTask.run(FutureTask.java:264)
	at com.ontotext.trree.replicationcluster.ReplicationClusterWorker.initialize(ReplicationClusterWorker.java:89)
	at org.eclipse.rdf4j.repository.Repository.init(Repository.java:61)
	at org.eclipse.rdf4j.repository.manager.LocalRepositoryManager.createRepository(LocalRepositoryManager.java:258)
	at com.ontotext.graphdb.GraphDBRepositoryManager.createRepository(GraphDBRepositoryManager.java:380)
	at com.ontotext.graphdb.GraphDBRepositoryManager$FutureRepository.lambda$new$0(GraphDBRepositoryManager.java:75)
	at java.base/java.util.concurrent.FutureTask.run(FutureTask.java:264)
	at com.ontotext.graphdb.GraphDBRepositoryManager.awaitFutureRepository(GraphDBRepositoryManager.java:795)
	at com.ontotext.graphdb.GraphDBRepositoryManager.getRepository(GraphDBRepositoryManager.java:372)
	at org.eclipse.rdf4j.http.server.repository.RepositoryInterceptor.setRequestAttributes(RepositoryInterceptor.java:105)
	... 56 common frames omitted
Caused by: org.eclipse.rdf4j.sail.SailException: org.eclipse.rdf4j.sail.SailException: No software license set.
	at com.ontotext.trree.OwlimSchemaRepository.initializeInternal(OwlimSchemaRepository.java:321)
	at org.eclipse.rdf4j.sail.helpers.AbstractSail.init(AbstractSail.java:190)
	at org.eclipse.rdf4j.repository.sail.SailRepository.initializeInternal(SailRepository.java:146)
	... 72 common frames omitted
Caused by: org.eclipse.rdf4j.sail.SailException: No software license set.
	at com.ontotext.trree.OwlimSchemaRepository.verifySoftwareLicense(OwlimSchemaRepository.java:1625)
	at com.ontotext.trree.OwlimSchemaRepository.initializeInternal(OwlimSchemaRepository.java:182)
	... 74 common frames omitted
[WARN ] 2023-06-12 22:07:46,091 [http-nio-7200-exec-3 | c.o.f.c.s.SemanticDataManagement] You have a non existing repository 'LastThreeModels' in the headers. Continuing anyways...
[INFO ] 2023-06-12 22:07:47,261 [repositories/LDAC | c.o.t.s.OwlimClusterWorkerRepository] Version: 9.7, revision: 37627505
[INFO ] 2023-06-12 22:07:47,262 [repositories/LDAC | c.o.t.s.OwlimClusterWorkerRepository] Build date: Fri Mar 26 13:08:13 GMT 2021
[ERROR] 2023-06-12 22:07:47,267 [repositories/LDAC | c.o.t.s.OwlimClusterWorkerRepository] No software license was set. License can be set in one of the following ways (in order of preference): 
- System or config property 'graphdb.license.file'
- File 'graphdb.license' in config directory (/opt/graphdb/home/conf)
- Set through Workbench or API
Please refer to the documentation for more information on how to set the license.
[INFO ] 2023-06-12 22:07:53,264 [http-nio-7200-exec-3 | c.o.t.s.OwlimClusterWorkerRepository] Version: 9.7, revision: 37627505
[INFO ] 2023-06-12 22:07:53,264 [http-nio-7200-exec-3 | c.o.t.s.OwlimClusterWorkerRepository] Build date: Fri Mar 26 13:08:13 GMT 2021
[ERROR] 2023-06-12 22:07:53,270 [http-nio-7200-exec-3 | c.o.t.s.OwlimClusterWorkerRepository] No software license was set. License can be set in one of the following ways (in order of preference): 
- System or config property 'graphdb.license.file'
- File 'graphdb.license' in config directory (/opt/graphdb/home/conf)
- Set through Workbench or API
Please refer to the documentation for more information on how to set the license.
[INFO ] 2023-06-12 22:07:54,744 [repositories/LDAC | c.o.t.s.OwlimClusterWorkerRepository] Version: 9.7, revision: 37627505
[INFO ] 2023-06-12 22:07:54,744 [repositories/LDAC | c.o.t.s.OwlimClusterWorkerRepository] Build date: Fri Mar 26 13:08:13 GMT 2021
[ERROR] 2023-06-12 22:07:54,750 [repositories/LDAC | c.o.t.s.OwlimClusterWorkerRepository] No software license was set. License can be set in one of the following ways (in order of preference): 
- System or config property 'graphdb.license.file'
- File 'graphdb.license' in config directory (/opt/graphdb/home/conf)
- Set through Workbench or API
Please refer to the documentation for more information on how to set the license.
[ERROR] 2023-06-12 22:07:54,752 [repositories/LDAC | c.o.f.s.GraphDBProtocolExceptionResolver] Error while handling request (500)
org.eclipse.rdf4j.http.server.ServerHTTPException: org.eclipse.rdf4j.repository.RepositoryException: org.eclipse.rdf4j.sail.SailException: No software license set.
	at org.eclipse.rdf4j.http.server.repository.RepositoryInterceptor.setRequestAttributes(RepositoryInterceptor.java:113)
	at org.eclipse.rdf4j.http.server.ServerInterceptor.preHandle(ServerInterceptor.java:32)
	at org.eclipse.rdf4j.http.server.repository.RepositoryInterceptor.preHandle(RepositoryInterceptor.java:82)
	at com.ontotext.forest.sesame.ForestRepositoryInterceptor.preHandle(ForestRepositoryInterceptor.java:32)
	at com.ontotext.forest.sesame.ForestRepositoryInterceptor$$FastClassBySpringCGLIB$$d99bcd9f.invoke(<generated>)
	at org.springframework.cglib.proxy.MethodProxy.invoke(MethodProxy.java:218)
	at org.springframework.aop.framework.CglibAopProxy$CglibMethodInvocation.invokeJoinpoint(CglibAopProxy.java:771)
	at org.springframework.aop.framework.ReflectiveMethodInvocation.proceed(ReflectiveMethodInvocation.java:163)
	at org.springframework.aop.framework.CglibAopProxy$CglibMethodInvocation.proceed(CglibAopProxy.java:749)
	at org.springframework.aop.support.DelegatingIntroductionInterceptor.doProceed(DelegatingIntroductionInterceptor.java:136)
	at org.springframework.aop.support.DelegatingIntroductionInterceptor.invoke(DelegatingIntroductionInterceptor.java:124)
	at org.springframework.aop.framework.ReflectiveMethodInvocation.proceed(ReflectiveMethodInvocation.java:186)
	at org.springframework.aop.framework.CglibAopProxy$CglibMethodInvocation.proceed(CglibAopProxy.java:749)
	at org.springframework.aop.framework.CglibAopProxy$DynamicAdvisedInterceptor.intercept(CglibAopProxy.java:691)
	at com.ontotext.forest.sesame.ForestRepositoryInterceptor$$EnhancerBySpringCGLIB$$70c605aa.preHandle(<generated>)
	at org.springframework.web.servlet.HandlerExecutionChain.applyPreHandle(HandlerExecutionChain.java:151)
	at org.springframework.web.servlet.DispatcherServlet.doDispatch(DispatcherServlet.java:1035)
	at org.springframework.web.servlet.DispatcherServlet.doService(DispatcherServlet.java:943)
	at org.springframework.web.servlet.FrameworkServlet.processRequest(FrameworkServlet.java:1006)
	at org.springframework.web.servlet.FrameworkServlet.doGet(FrameworkServlet.java:898)
	at javax.servlet.http.HttpServlet.service(HttpServlet.java:626)
	at org.springframework.web.servlet.FrameworkServlet.service(FrameworkServlet.java:883)
	at javax.servlet.http.HttpServlet.service(HttpServlet.java:733)
	at org.apache.catalina.core.ApplicationFilterChain.internalDoFilter(ApplicationFilterChain.java:227)
	at org.apache.catalina.core.ApplicationFilterChain.doFilter(ApplicationFilterChain.java:162)
	at com.ontotext.forest.core.request.RequestFilter.doFilterInternal(RequestFilter.java:45)
	at org.springframework.web.filter.OncePerRequestFilter.doFilter(OncePerRequestFilter.java:119)
	at org.apache.catalina.core.ApplicationFilterChain.internalDoFilter(ApplicationFilterChain.java:189)
	at org.apache.catalina.core.ApplicationFilterChain.doFilter(ApplicationFilterChain.java:162)
	at org.springframework.web.filter.CharacterEncodingFilter.doFilterInternal(CharacterEncodingFilter.java:201)
	at org.springframework.web.filter.OncePerRequestFilter.doFilter(OncePerRequestFilter.java:119)
	at org.apache.catalina.core.ApplicationFilterChain.internalDoFilter(ApplicationFilterChain.java:189)
	at org.apache.catalina.core.ApplicationFilterChain.doFilter(ApplicationFilterChain.java:162)
	at com.github.ziplet.filter.compression.CompressingFilter.doFilter(CompressingFilter.java:263)
	at org.apache.catalina.core.ApplicationFilterChain.internalDoFilter(ApplicationFilterChain.java:189)
	at org.apache.catalina.core.ApplicationFilterChain.doFilter(ApplicationFilterChain.java:162)
	at com.ontotext.forest.security.AdminDelegatingFilterProxy.doFilter(AdminDelegatingFilterProxy.java:84)
	at org.springframework.web.filter.DelegatingFilterProxy.invokeDelegate(DelegatingFilterProxy.java:358)
	at org.springframework.web.filter.DelegatingFilterProxy.doFilter(DelegatingFilterProxy.java:271)
	at org.apache.catalina.core.ApplicationFilterChain.internalDoFilter(ApplicationFilterChain.java:189)
	at org.apache.catalina.core.ApplicationFilterChain.doFilter(ApplicationFilterChain.java:162)
	at org.apache.catalina.core.StandardWrapperValve.invoke(StandardWrapperValve.java:202)
	at org.apache.catalina.core.StandardContextValve.invoke(StandardContextValve.java:97)
	at org.apache.catalina.authenticator.AuthenticatorBase.invoke(AuthenticatorBase.java:542)
	at org.apache.catalina.core.StandardHostValve.invoke(StandardHostValve.java:143)
	at org.apache.catalina.valves.ErrorReportValve.invoke(ErrorReportValve.java:92)
	at org.apache.catalina.core.StandardEngineValve.invoke(StandardEngineValve.java:78)
	at org.apache.catalina.connector.CoyoteAdapter.service(CoyoteAdapter.java:346)
	at org.apache.coyote.http11.Http11Processor.service(Http11Processor.java:374)
	at org.apache.coyote.AbstractProcessorLight.process(AbstractProcessorLight.java:65)
	at org.apache.coyote.AbstractProtocol$ConnectionHandler.process(AbstractProtocol.java:887)
	at org.apache.tomcat.util.net.NioEndpoint$SocketProcessor.doRun(NioEndpoint.java:1684)
	at org.apache.tomcat.util.net.SocketProcessorBase.run(SocketProcessorBase.java:49)
	at java.base/java.util.concurrent.ThreadPoolExecutor.runWorker(ThreadPoolExecutor.java:1128)
	at java.base/java.util.concurrent.ThreadPoolExecutor$Worker.run(ThreadPoolExecutor.java:628)
	at org.apache.tomcat.util.threads.TaskThread$WrappingRunnable.run(TaskThread.java:61)
	at java.base/java.lang.Thread.run(Thread.java:834)
Caused by: org.eclipse.rdf4j.repository.RepositoryException: org.eclipse.rdf4j.sail.SailException: No software license set.
	at org.eclipse.rdf4j.repository.sail.SailRepository.initializeInternal(SailRepository.java:153)
	at org.eclipse.rdf4j.repository.base.AbstractRepository.init(AbstractRepository.java:39)
	at org.eclipse.rdf4j.repository.base.AbstractRepository.initialize(AbstractRepository.java:31)
	at org.eclipse.rdf4j.repository.base.RepositoryWrapper.initialize(RepositoryWrapper.java:64)
	at com.ontotext.trree.replicationcluster.ReplicationClusterWorker.access$301(ReplicationClusterWorker.java:57)
	at com.ontotext.trree.replicationcluster.ReplicationClusterWorker$2.call(ReplicationClusterWorker.java:880)
	at com.ontotext.trree.replicationcluster.ReplicationClusterWorker$2.call(ReplicationClusterWorker.java:876)
	at java.base/java.util.concurrent.FutureTask.run(FutureTask.java:264)
	at com.ontotext.trree.replicationcluster.ReplicationClusterWorker.initialize(ReplicationClusterWorker.java:89)
	at org.eclipse.rdf4j.repository.Repository.init(Repository.java:61)
	at org.eclipse.rdf4j.repository.manager.LocalRepositoryManager.createRepository(LocalRepositoryManager.java:258)
	at com.ontotext.graphdb.GraphDBRepositoryManager.createRepository(GraphDBRepositoryManager.java:380)
	at com.ontotext.graphdb.GraphDBRepositoryManager$FutureRepository.lambda$new$0(GraphDBRepositoryManager.java:75)
	at java.base/java.util.concurrent.FutureTask.run(FutureTask.java:264)
	at com.ontotext.graphdb.GraphDBRepositoryManager.awaitFutureRepository(GraphDBRepositoryManager.java:795)
	at com.ontotext.graphdb.GraphDBRepositoryManager.getRepository(GraphDBRepositoryManager.java:372)
	at org.eclipse.rdf4j.http.server.repository.RepositoryInterceptor.setRequestAttributes(RepositoryInterceptor.java:105)
	... 56 common frames omitted
Caused by: org.eclipse.rdf4j.sail.SailException: org.eclipse.rdf4j.sail.SailException: No software license set.
	at com.ontotext.trree.OwlimSchemaRepository.initializeInternal(OwlimSchemaRepository.java:321)
	at org.eclipse.rdf4j.sail.helpers.AbstractSail.init(AbstractSail.java:190)
	at org.eclipse.rdf4j.repository.sail.SailRepository.initializeInternal(SailRepository.java:146)
	... 72 common frames omitted
Caused by: org.eclipse.rdf4j.sail.SailException: No software license set.
	at com.ontotext.trree.OwlimSchemaRepository.verifySoftwareLicense(OwlimSchemaRepository.java:1625)
	at com.ontotext.trree.OwlimSchemaRepository.initializeInternal(OwlimSchemaRepository.java:182)
	... 74 common frames omitted
[INFO ] 2023-06-12 22:07:57,109 [http-nio-7200-exec-1 | c.o.t.s.OwlimClusterWorkerRepository] Version: 9.7, revision: 37627505
[INFO ] 2023-06-12 22:07:57,109 [http-nio-7200-exec-1 | c.o.t.s.OwlimClusterWorkerRepository] Build date: Fri Mar 26 13:08:13 GMT 2021
[ERROR] 2023-06-12 22:07:57,114 [http-nio-7200-exec-1 | c.o.t.s.OwlimClusterWorkerRepository] No software license was set. License can be set in one of the following ways (in order of preference): 
- System or config property 'graphdb.license.file'
- File 'graphdb.license' in config directory (/opt/graphdb/home/conf)
- Set through Workbench or API
Please refer to the documentation for more information on how to set the license.
[INFO ] 2023-06-12 22:08:01,104 [http-nio-7200-exec-10 | c.o.t.s.OwlimClusterWorkerRepository] Version: 9.7, revision: 37627505
[INFO ] 2023-06-12 22:08:01,105 [http-nio-7200-exec-10 | c.o.t.s.OwlimClusterWorkerRepository] Build date: Fri Mar 26 13:08:13 GMT 2021
[ERROR] 2023-06-12 22:08:01,109 [http-nio-7200-exec-10 | c.o.t.s.OwlimClusterWorkerRepository] No software license was set. License can be set in one of the following ways (in order of preference): 
- System or config property 'graphdb.license.file'
- File 'graphdb.license' in config directory (/opt/graphdb/home/conf)
- Set through Workbench or API
Please refer to the documentation for more information on how to set the license.
[INFO ] 2023-06-12 22:08:05,109 [http-nio-7200-exec-2 | c.o.t.s.OwlimClusterWorkerRepository] Version: 9.7, revision: 37627505
[INFO ] 2023-06-12 22:08:05,109 [http-nio-7200-exec-2 | c.o.t.s.OwlimClusterWorkerRepository] Build date: Fri Mar 26 13:08:13 GMT 2021
[ERROR] 2023-06-12 22:08:05,114 [http-nio-7200-exec-2 | c.o.t.s.OwlimClusterWorkerRepository] No software license was set. License can be set in one of the following ways (in order of preference): 
- System or config property 'graphdb.license.file'
- File 'graphdb.license' in config directory (/opt/graphdb/home/conf)
- Set through Workbench or API
Please refer to the documentation for more information on how to set the license.
[INFO ] 2023-06-12 22:08:11,119 [http-nio-7200-exec-6 | c.o.t.s.OwlimClusterWorkerRepository] Version: 9.7, revision: 37627505
[INFO ] 2023-06-12 22:08:11,119 [http-nio-7200-exec-6 | c.o.t.s.OwlimClusterWorkerRepository] Build date: Fri Mar 26 13:08:13 GMT 2021
[ERROR] 2023-06-12 22:08:11,124 [http-nio-7200-exec-6 | c.o.t.s.OwlimClusterWorkerRepository] No software license was set. License can be set in one of the following ways (in order of preference): 
- System or config property 'graphdb.license.file'
- File 'graphdb.license' in config directory (/opt/graphdb/home/conf)
- Set through Workbench or API
Please refer to the documentation for more information on how to set the license.
[INFO ] 2023-06-12 22:08:16,241 [Thread-3 | c.o.g.s.GraphDB] Stopping GraphDB.
[INFO ] 2023-06-12 22:08:16,274 [Thread-3 | c.o.f.c.s.SemanticDataManagement] Shutting down current semantic location
[INFO ] 2023-06-12 22:10:50,790 [main | c.o.g.Config] Using 'jar:file:/opt/graphdb/dist/lib/graphdb-application-common-9.11.2.jar!/com/ontotext/graphdb/logback.xml' as logback's configuration file
[INFO ] 2023-06-12 22:10:51,203 [main | c.o.g.s.GraphDB] Starting GraphDB in workbench mode.
[INFO ] 2023-06-12 22:10:58,920 [main | c.o.g.Config] GraphDB Home directory: /opt/graphdb/home
[INFO ] 2023-06-12 22:10:58,921 [main | c.o.g.Config] GraphDB Config directory: /opt/graphdb/home/conf
[INFO ] 2023-06-12 22:10:58,924 [main | c.o.g.Config] GraphDB Data directory: /opt/graphdb/home/data
[INFO ] 2023-06-12 22:10:58,925 [main | c.o.g.Config] GraphDB Work directory: /opt/graphdb/home/work
[INFO ] 2023-06-12 22:10:58,926 [main | c.o.g.Config] GraphDB Logs directory: /opt/graphdb/home/logs
[WARN ] 2023-06-12 22:11:02,910 [main | c.o.f.j.JolokiaAgentServlet] Missing jolokia-access.xml in graphdb.home.conf location /opt/graphdb/home/conf for servlet, switching to default policy
[INFO ] 2023-06-12 22:11:03,178 [main | c.o.g.s.GraphDB] Started GraphDB in workbench mode at port 7200.
[ERROR] 2023-06-12 22:11:13,504 [repositories/LDAC | c.o.f.s.GraphDBProtocolExceptionResolver] Error while handling request (500)
org.eclipse.rdf4j.http.server.ServerHTTPException: org.eclipse.rdf4j.repository.config.RepositoryConfigException: Unsupported repository type: owlim:ReplicationClusterWorker
	at org.eclipse.rdf4j.http.server.repository.RepositoryInterceptor.setRequestAttributes(RepositoryInterceptor.java:113)
	at org.eclipse.rdf4j.http.server.ServerInterceptor.preHandle(ServerInterceptor.java:32)
	at org.eclipse.rdf4j.http.server.repository.RepositoryInterceptor.preHandle(RepositoryInterceptor.java:82)
	at com.ontotext.forest.sesame.ForestRepositoryInterceptor.preHandle(ForestRepositoryInterceptor.java:33)
	at com.ontotext.forest.sesame.ForestRepositoryInterceptor$$FastClassBySpringCGLIB$$d99bcd9f.invoke(<generated>)
	at org.springframework.cglib.proxy.MethodProxy.invoke(MethodProxy.java:218)
	at org.springframework.aop.framework.CglibAopProxy$CglibMethodInvocation.invokeJoinpoint(CglibAopProxy.java:783)
	at org.springframework.aop.framework.ReflectiveMethodInvocation.proceed(ReflectiveMethodInvocation.java:163)
	at org.springframework.aop.framework.CglibAopProxy$CglibMethodInvocation.proceed(CglibAopProxy.java:753)
	at org.springframework.aop.support.DelegatingIntroductionInterceptor.doProceed(DelegatingIntroductionInterceptor.java:136)
	at org.springframework.aop.support.DelegatingIntroductionInterceptor.invoke(DelegatingIntroductionInterceptor.java:124)
	at org.springframework.aop.framework.ReflectiveMethodInvocation.proceed(ReflectiveMethodInvocation.java:186)
	at org.springframework.aop.framework.CglibAopProxy$CglibMethodInvocation.proceed(CglibAopProxy.java:753)
	at org.springframework.aop.framework.CglibAopProxy$DynamicAdvisedInterceptor.intercept(CglibAopProxy.java:698)
	at com.ontotext.forest.sesame.ForestRepositoryInterceptor$$EnhancerBySpringCGLIB$$4cb940ad.preHandle(<generated>)
	at org.springframework.web.servlet.HandlerExecutionChain.applyPreHandle(HandlerExecutionChain.java:151)
	at org.springframework.web.servlet.DispatcherServlet.doDispatch(DispatcherServlet.java:1038)
	at org.springframework.web.servlet.DispatcherServlet.doService(DispatcherServlet.java:943)
	at org.springframework.web.servlet.FrameworkServlet.processRequest(FrameworkServlet.java:1006)
	at org.springframework.web.servlet.FrameworkServlet.doGet(FrameworkServlet.java:898)
	at javax.servlet.http.HttpServlet.service(HttpServlet.java:655)
	at org.springframework.web.servlet.FrameworkServlet.service(FrameworkServlet.java:883)
	at javax.servlet.http.HttpServlet.service(HttpServlet.java:764)
	at org.apache.catalina.core.ApplicationFilterChain.internalDoFilter(ApplicationFilterChain.java:227)
	at org.apache.catalina.core.ApplicationFilterChain.doFilter(ApplicationFilterChain.java:162)
	at com.ontotext.forest.core.request.RequestFilter.doFilterInternal(RequestFilter.java:47)
	at org.springframework.web.filter.OncePerRequestFilter.doFilter(OncePerRequestFilter.java:119)
	at org.apache.catalina.core.ApplicationFilterChain.internalDoFilter(ApplicationFilterChain.java:189)
	at org.apache.catalina.core.ApplicationFilterChain.doFilter(ApplicationFilterChain.java:162)
	at org.springframework.web.filter.CharacterEncodingFilter.doFilterInternal(CharacterEncodingFilter.java:201)
	at org.springframework.web.filter.OncePerRequestFilter.doFilter(OncePerRequestFilter.java:119)
	at org.apache.catalina.core.ApplicationFilterChain.internalDoFilter(ApplicationFilterChain.java:189)
	at org.apache.catalina.core.ApplicationFilterChain.doFilter(ApplicationFilterChain.java:162)
	at com.github.ziplet.filter.compression.CompressingFilter.doFilter(CompressingFilter.java:263)
	at org.apache.catalina.core.ApplicationFilterChain.internalDoFilter(ApplicationFilterChain.java:189)
	at org.apache.catalina.core.ApplicationFilterChain.doFilter(ApplicationFilterChain.java:162)
	at com.ontotext.forest.security.AdminDelegatingFilterProxy.doFilter(AdminDelegatingFilterProxy.java:84)
	at org.springframework.web.filter.DelegatingFilterProxy.invokeDelegate(DelegatingFilterProxy.java:358)
	at org.springframework.web.filter.DelegatingFilterProxy.doFilter(DelegatingFilterProxy.java:271)
	at org.apache.catalina.core.ApplicationFilterChain.internalDoFilter(ApplicationFilterChain.java:189)
	at org.apache.catalina.core.ApplicationFilterChain.doFilter(ApplicationFilterChain.java:162)
	at org.apache.catalina.core.StandardWrapperValve.invoke(StandardWrapperValve.java:197)
	at org.apache.catalina.core.StandardContextValve.invoke(StandardContextValve.java:97)
	at org.apache.catalina.authenticator.AuthenticatorBase.invoke(AuthenticatorBase.java:541)
	at org.apache.catalina.core.StandardHostValve.invoke(StandardHostValve.java:135)
	at org.apache.catalina.valves.ErrorReportValve.invoke(ErrorReportValve.java:92)
	at org.apache.catalina.core.StandardEngineValve.invoke(StandardEngineValve.java:78)
	at org.apache.catalina.connector.CoyoteAdapter.service(CoyoteAdapter.java:360)
	at org.apache.coyote.http11.Http11Processor.service(Http11Processor.java:399)
	at org.apache.coyote.AbstractProcessorLight.process(AbstractProcessorLight.java:65)
	at org.apache.coyote.AbstractProtocol$ConnectionHandler.process(AbstractProtocol.java:890)
	at org.apache.tomcat.util.net.NioEndpoint$SocketProcessor.doRun(NioEndpoint.java:1743)
	at org.apache.tomcat.util.net.SocketProcessorBase.run(SocketProcessorBase.java:49)
	at org.apache.tomcat.util.threads.ThreadPoolExecutor.runWorker(ThreadPoolExecutor.java:1191)
	at org.apache.tomcat.util.threads.ThreadPoolExecutor$Worker.run(ThreadPoolExecutor.java:659)
	at org.apache.tomcat.util.threads.TaskThread$WrappingRunnable.run(TaskThread.java:61)
	at java.base/java.lang.Thread.run(Thread.java:829)
Caused by: org.eclipse.rdf4j.repository.config.RepositoryConfigException: Unsupported repository type: owlim:ReplicationClusterWorker
	at org.eclipse.rdf4j.repository.config.AbstractRepositoryImplConfig.lambda$create$1(AbstractRepositoryImplConfig.java:97)
	at java.base/java.util.Optional.orElseThrow(Optional.java:408)
	at org.eclipse.rdf4j.repository.config.AbstractRepositoryImplConfig.create(AbstractRepositoryImplConfig.java:96)
	at org.eclipse.rdf4j.repository.config.RepositoryConfig.lambda$parse$2(RepositoryConfig.java:157)
	at java.base/java.util.Optional.ifPresent(Optional.java:183)
	at org.eclipse.rdf4j.repository.config.RepositoryConfig.parse(RepositoryConfig.java:157)
	at org.eclipse.rdf4j.repository.config.RepositoryConfig.create(RepositoryConfig.java:173)
	at org.eclipse.rdf4j.repository.config.RepositoryConfigUtil.getRepositoryConfig(RepositoryConfigUtil.java:43)
	at org.eclipse.rdf4j.repository.manager.LocalRepositoryManager.getRepositoryConfig(LocalRepositoryManager.java:323)
	at org.eclipse.rdf4j.repository.manager.LocalRepositoryManager.createRepository(LocalRepositoryManager.java:253)
	at com.ontotext.graphdb.GraphDBRepositoryManager.createRepository(GraphDBRepositoryManager.java:380)
	at com.ontotext.graphdb.GraphDBRepositoryManager$FutureRepository.lambda$new$0(GraphDBRepositoryManager.java:75)
	at java.base/java.util.concurrent.FutureTask.run(FutureTask.java:264)
	at com.ontotext.graphdb.GraphDBRepositoryManager.awaitFutureRepository(GraphDBRepositoryManager.java:807)
	at com.ontotext.graphdb.GraphDBRepositoryManager.getRepository(GraphDBRepositoryManager.java:372)
	at org.eclipse.rdf4j.http.server.repository.RepositoryInterceptor.setRequestAttributes(RepositoryInterceptor.java:105)
	... 56 common frames omitted
[INFO ] 2023-06-12 22:14:48,144 [Thread-2 | c.o.g.s.GraphDB] Stopping GraphDB.
[INFO ] 2023-06-12 22:14:48,177 [Thread-2 | c.o.f.c.s.SemanticDataManagement] Shutting down current semantic location
